###############################################################################
#                                                                             #
# IAR C/C++ Compiler V7.51A/W32 for 8051                29/Sep/2011  16:35:37 #
# Copyright 2004-2009 IAR Systems AB.                                         #
#                                                                             #
#    Core               =  plain                                              #
#    Code model         =  banked                                             #
#    Data model         =  large                                              #
#    Calling convention =  xdata reentrant                                    #
#    Constant location  =  data_rom                                           #
#    Dptr setup         =  1,16                                               #
#    Source file        =  C:\Texas Instruments\ZStack-CC2530-2.2.2-1.3.0\Pro #
#                          jects\zstack\ZMain\TI2530DB\ZMain.c                #
#    Command line       =  -f "C:\Texas Instruments\ZStack-CC2530-2.2.2-1.3.0 #
#                          \Projects\zstack\Samples\LightCtlPrj\CC2530DB\..\. #
#                          .\..\Tools\CC2530DB\f8wEndev.cfg" (-DCPU32MHZ      #
#                          -DROOT=__near_func -DBLINK_LEDS) -f "C:\Texas      #
#                          Instruments\ZStack-CC2530-2.2.2-1.3.0\Projects\zst #
#                          ack\Samples\LightCtlPrj\CC2530DB\..\..\..\Tools\CC #
#                          2530DB\f8wConfig.cfg" (-DSECURE=0                  #
#                          -DZG_SECURE_DYNAMIC=0 -DREFLECTOR                  #
#                          -DDEFAULT_CHANLIST=0x00001000                      #
#                          -DZDAPP_CONFIG_PAN_ID=0x1212                       #
#                          -DNWK_START_DELAY=100 -DEXTENDED_JOINING_RANDOM_MA #
#                          SK=0x007F -DBEACON_REQUEST_DELAY=100               #
#                          -DBEACON_REQ_DELAY_MASK=0x00FF                     #
#                          -DROUTE_EXPIRY_TIME=30 -DAPSC_ACK_WAIT_DURATION_PO #
#                          LLED=3000 -DNWK_INDIRECT_MSG_TIMEOUT=7             #
#                          -DMAX_RREQ_ENTRIES=8 -DAPSC_MAX_FRAME_RETRIES=3    #
#                          -DNWK_MAX_DATA_RETRIES=2                           #
#                          -DMAX_POLL_FAILURE_RETRIES=2 -DMAX_BCAST=9         #
#                          -DAPS_MAX_GROUPS=16 -DMAX_RTG_ENTRIES=40           #
#                          -DNWK_MAX_BINDING_ENTRIES=4                        #
#                          -DMAX_BINDING_CLUSTER_IDS=4 "-DDEFAULT_KEY={0x01,  #
#                          0x03, 0x05, 0x07, 0x09, 0x0B, 0x0D, 0x0F, 0x00,    #
#                          0x02, 0x04, 0x06, 0x08, 0x0A, 0x0C, 0x0D}"         #
#                          -DMAC_MAX_FRAME_SIZE=116 "-DCONST=const __code"    #
#                          -DGENERIC=__generic -DRFD_RCVC_ALWAYS_ON=FALSE     #
#                          -DPOLL_RATE=1000 -DQUEUED_POLL_RATE=100            #
#                          -DRESPONSE_POLL_RATE=100) -DREJOIN_POLL_RATE=440   #
#                          "C:\Texas Instruments\ZStack-CC2530-2.2.2-1.3.0\Pr #
#                          ojects\zstack\ZMain\TI2530DB\ZMain.c" -D           #
#                          NWK_AUTO_POLL -D ZTOOL_P1 -D MT_TASK -D            #
#                          MT_SYS_FUNC -D MT_ZDO_FUNC -D LCD_SUPPORTED=DEBUG  #
#                          -D HAL_UART=TRUE -D xPOWER_SAVING -lC "C:\Texas    #
#                          Instruments\ZStack-CC2530-2.2.2-1.3.0\Projects\zst #
#                          ack\Samples\LightCtlPrj\CC2530DB\EndDeviceEB\List\ #
#                          " -lA "C:\Texas Instruments\ZStack-CC2530-2.2.2-1. #
#                          3.0\Projects\zstack\Samples\LightCtlPrj\CC2530DB\E #
#                          ndDeviceEB\List\" --diag_suppress Pe001,Pa010 -o   #
#                          "C:\Texas Instruments\ZStack-CC2530-2.2.2-1.3.0\Pr #
#                          ojects\zstack\Samples\LightCtlPrj\CC2530DB\EndDevi #
#                          ceEB\Obj\" -e --require_prototypes --debug         #
#                          --core=plain --dptr=16,1 --data_model=large        #
#                          --code_model=banked --calling_convention=xdata_ree #
#                          ntrant --place_constants=data_rom                  #
#                          --nr_virtual_regs 8 -I "C:\Texas                   #
#                          Instruments\ZStack-CC2530-2.2.2-1.3.0\Projects\zst #
#                          ack\Samples\LightCtlPrj\CC2530DB\" -I "C:\Texas    #
#                          Instruments\ZStack-CC2530-2.2.2-1.3.0\Projects\zst #
#                          ack\Samples\LightCtlPrj\CC2530DB\..\SOURCE\" -I    #
#                          "C:\Texas Instruments\ZStack-CC2530-2.2.2-1.3.0\Pr #
#                          ojects\zstack\Samples\LightCtlPrj\CC2530DB\..\..\. #
#                          .\ZMAIN\TI2530DB\" -I "C:\Texas                    #
#                          Instruments\ZStack-CC2530-2.2.2-1.3.0\Projects\zst #
#                          ack\Samples\LightCtlPrj\CC2530DB\..\..\..\..\..\CO #
#                          MPONENTS\MT\" -I "C:\Texas                         #
#                          Instruments\ZStack-CC2530-2.2.2-1.3.0\Projects\zst #
#                          ack\Samples\LightCtlPrj\CC2530DB\..\..\..\..\..\CO #
#                          MPONENTS\HAL\INCLUDE\" -I "C:\Texas                #
#                          Instruments\ZStack-CC2530-2.2.2-1.3.0\Projects\zst #
#                          ack\Samples\LightCtlPrj\CC2530DB\..\..\..\..\..\CO #
#                          MPONENTS\HAL\TARGET\CC2530EB\" -I "C:\Texas        #
#                          Instruments\ZStack-CC2530-2.2.2-1.3.0\Projects\zst #
#                          ack\Samples\LightCtlPrj\CC2530DB\..\..\..\..\..\CO #
#                          MPONENTS\OSAL\MCU\CCSOC\" -I "C:\Texas             #
#                          Instruments\ZStack-CC2530-2.2.2-1.3.0\Projects\zst #
#                          ack\Samples\LightCtlPrj\CC2530DB\..\..\..\..\..\CO #
#                          MPONENTS\OSAL\INCLUDE\" -I "C:\Texas               #
#                          Instruments\ZStack-CC2530-2.2.2-1.3.0\Projects\zst #
#                          ack\Samples\LightCtlPrj\CC2530DB\..\..\..\..\..\CO #
#                          MPONENTS\STACK\AF\" -I "C:\Texas                   #
#                          Instruments\ZStack-CC2530-2.2.2-1.3.0\Projects\zst #
#                          ack\Samples\LightCtlPrj\CC2530DB\..\..\..\..\..\CO #
#                          MPONENTS\STACK\NWK\" -I "C:\Texas                  #
#                          Instruments\ZStack-CC2530-2.2.2-1.3.0\Projects\zst #
#                          ack\Samples\LightCtlPrj\CC2530DB\..\..\..\..\..\CO #
#                          MPONENTS\STACK\SEC\" -I "C:\Texas                  #
#                          Instruments\ZStack-CC2530-2.2.2-1.3.0\Projects\zst #
#                          ack\Samples\LightCtlPrj\CC2530DB\..\..\..\..\..\CO #
#                          MPONENTS\STACK\SAPI\" -I "C:\Texas                 #
#                          Instruments\ZStack-CC2530-2.2.2-1.3.0\Projects\zst #
#                          ack\Samples\LightCtlPrj\CC2530DB\..\..\..\..\..\CO #
#                          MPONENTS\STACK\SYS\" -I "C:\Texas                  #
#                          Instruments\ZStack-CC2530-2.2.2-1.3.0\Projects\zst #
#                          ack\Samples\LightCtlPrj\CC2530DB\..\..\..\..\..\CO #
#                          MPONENTS\STACK\ZDO\" -I "C:\Texas                  #
#                          Instruments\ZStack-CC2530-2.2.2-1.3.0\Projects\zst #
#                          ack\Samples\LightCtlPrj\CC2530DB\..\..\..\..\..\CO #
#                          MPONENTS\ZMAC\F8W\" -I "C:\Texas                   #
#                          Instruments\ZStack-CC2530-2.2.2-1.3.0\Projects\zst #
#                          ack\Samples\LightCtlPrj\CC2530DB\..\..\..\..\..\CO #
#                          MPONENTS\ZMAC\" -I "C:\Texas                       #
#                          Instruments\ZStack-CC2530-2.2.2-1.3.0\Projects\zst #
#                          ack\Samples\LightCtlPrj\CC2530DB\..\..\..\..\..\CO #
#                          MPONENTS\SERVICES\SADDR\" -I "C:\Texas             #
#                          Instruments\ZStack-CC2530-2.2.2-1.3.0\Projects\zst #
#                          ack\Samples\LightCtlPrj\CC2530DB\..\..\..\..\..\CO #
#                          MPONENTS\SERVICES\SDATA\" -I "C:\Texas             #
#                          Instruments\ZStack-CC2530-2.2.2-1.3.0\Projects\zst #
#                          ack\Samples\LightCtlPrj\CC2530DB\..\..\..\..\..\CO #
#                          MPONENTS\MAC\INCLUDE\" -I "C:\Texas                #
#                          Instruments\ZStack-CC2530-2.2.2-1.3.0\Projects\zst #
#                          ack\Samples\LightCtlPrj\CC2530DB\..\..\..\..\..\CO #
#                          MPONENTS\MAC\HIGH_LEVEL\" -I "C:\Texas             #
#                          Instruments\ZStack-CC2530-2.2.2-1.3.0\Projects\zst #
#                          ack\Samples\LightCtlPrj\CC2530DB\..\..\..\..\..\CO #
#                          MPONENTS\MAC\LOW_LEVEL\srf04\" -I "C:\Texas        #
#                          Instruments\ZStack-CC2530-2.2.2-1.3.0\Projects\zst #
#                          ack\Samples\LightCtlPrj\CC2530DB\..\..\..\..\..\CO #
#                          MPONENTS\MAC\LOW_LEVEL\srf04\SINGLE_CHIP\" -I      #
#                          "C:\Program Files\IAR Systems\Embedded Workbench   #
#                          5.3\8051\INC\" -I "C:\Program Files\IAR            #
#                          Systems\Embedded Workbench 5.3\8051\INC\CLIB\"     #
#                          -Ohz                                               #
#    List file          =  C:\Texas Instruments\ZStack-CC2530-2.2.2-1.3.0\Pro #
#                          jects\zstack\Samples\LightCtlPrj\CC2530DB\EndDevic #
#                          eEB\List\ZMain.lst                                 #
#    Object file        =  C:\Texas Instruments\ZStack-CC2530-2.2.2-1.3.0\Pro #
#                          jects\zstack\Samples\LightCtlPrj\CC2530DB\EndDevic #
#                          eEB\Obj\ZMain.r51                                  #
#                                                                             #
#                                                                             #
###############################################################################

C:\Texas Instruments\ZStack-CC2530-2.2.2-1.3.0\Projects\zstack\ZMain\TI2530DB\ZMain.c
      1          /**************************************************************************************************
      2            Filename:       ZMain.c
      3            Revised:        $Date: 2009-08-03 15:08:07 -0700 (Mon, 03 Aug 2009) $
      4            Revision:       $Revision: 20442 $
      5          
      6            Description:    Startup and shutdown code for ZStack
      7            Notes:          This version targets the Chipcon CC2530
      8          
      9          
     10            Copyright 2005-2009 Texas Instruments Incorporated. All rights reserved.
     11          
     12            IMPORTANT: Your use of this Software is limited to those specific rights
     13            granted under the terms of a software license agreement between the user
     14            who downloaded the software, his/her employer (which must be your employer)
     15            and Texas Instruments Incorporated (the "License").  You may not use this
     16            Software unless you agree to abide by the terms of the License. The License
     17            limits your use, and you acknowledge, that the Software may not be modified,
     18            copied or distributed unless embedded on a Texas Instruments microcontroller
     19            or used solely and exclusively in conjunction with a Texas Instruments radio
     20            frequency transceiver, which is integrated into your product.  Other than for
     21            the foregoing purpose, you may not use, reproduce, copy, prepare derivative
     22            works of, modify, distribute, perform, display or sell this Software and/or
     23            its documentation for any purpose.
     24          
     25            YOU FURTHER ACKNOWLEDGE AND AGREE THAT THE SOFTWARE AND DOCUMENTATION ARE
     26            PROVIDED “AS IS?WITHOUT WARRANTY OF ANY KIND, EITHER EXPRESS OR IMPLIED,
     27            INCLUDING WITHOUT LIMITATION, ANY WARRANTY OF MERCHANTABILITY, TITLE,
     28            NON-INFRINGEMENT AND FITNESS FOR A PARTICULAR PURPOSE. IN NO EVENT SHALL
     29            TEXAS INSTRUMENTS OR ITS LICENSORS BE LIABLE OR OBLIGATED UNDER CONTRACT,
     30            NEGLIGENCE, STRICT LIABILITY, CONTRIBUTION, BREACH OF WARRANTY, OR OTHER
     31            LEGAL EQUITABLE THEORY ANY DIRECT OR INDIRECT DAMAGES OR EXPENSES
     32            INCLUDING BUT NOT LIMITED TO ANY INCIDENTAL, SPECIAL, INDIRECT, PUNITIVE
     33            OR CONSEQUENTIAL DAMAGES, LOST PROFITS OR LOST DATA, COST OF PROCUREMENT
     34            OF SUBSTITUTE GOODS, TECHNOLOGY, SERVICES, OR ANY CLAIMS BY THIRD PARTIES
     35            (INCLUDING BUT NOT LIMITED TO ANY DEFENSE THEREOF), OR OTHER SIMILAR COSTS.
     36          
     37            Should you have any questions regarding your right to use this Software,
     38            contact Texas Instruments Incorporated at www.TI.com.
     39          **************************************************************************************************/
     40          
     41          /*********************************************************************
     42           * INCLUDES
     43           */
     44          
     45          #include "ZComDef.h"
     46          #include "OSAL.h"
     47          #include "OSAL_Nv.h"
     48          #include "OnBoard.h"

   \                                 In  segment SFR_AN, at 0x8f
   \   unsigned char volatile __sfr P0INP
   \                     P0INP:
   \   000000                DS 1

   \                                 In  segment SFR_AN, at 0x90
   \   union <unnamed> volatile __sfr _A_P1
   \                     _A_P1:
   \   000000                DS 1

   \                                 In  segment SFR_AN, at 0x9d
   \   unsigned char volatile __sfr SLEEPSTA
   \                     SLEEPSTA:
   \   000000                DS 1

   \                                 In  segment SFR_AN, at 0x9e
   \   unsigned char volatile __sfr CLKCONSTA
   \                     CLKCONSTA:
   \   000000                DS 1

   \                                 In  segment SFR_AN, at 0xbe
   \   unsigned char volatile __sfr SLEEPCMD
   \                     SLEEPCMD:
   \   000000                DS 1

   \                                 In  segment SFR_AN, at 0xc6
   \   unsigned char volatile __sfr CLKCONCMD
   \                     CLKCONCMD:
   \   000000                DS 1

   \                                 In  segment SFR_AN, at 0xfe
   \   unsigned char volatile __sfr P1DIR
   \                     P1DIR:
   \   000000                DS 1
     49          #include "ZMAC.h"
     50          
     51          #ifndef NONWK
     52            #include "AF.h"
     53          #endif
     54          
     55          /* Hal */
     56          #include "hal_lcd.h"
     57          #include "hal_led.h"
     58          #include "hal_adc.h"
     59          #include "hal_drivers.h"
     60          #include "hal_assert.h"
     61          #include "hal_flash.h"
     62          
     63          #include "DebugTrace.h"
     64          
     65          /*********************************************************************
     66           * MACROS
     67           */
     68          
     69          /*********************************************************************
     70           * CONSTANTS
     71           */
     72          
     73          // Maximun number of Vdd samples checked before go on
     74          #define MAX_VDD_SAMPLES  3
     75          #define ZMAIN_VDD_LIMIT  HAL_ADC_VDD_LIMIT_4
     76          
     77          /*********************************************************************
     78           * TYPEDEFS
     79           */
     80          
     81          /*********************************************************************
     82           * GLOBAL VARIABLES
     83           */
     84          
     85          /*********************************************************************
     86           * EXTERNAL VARIABLES
     87           */
     88          
     89          /*********************************************************************
     90           * EXTERNAL FUNCTIONS
     91           */
     92          
     93          extern bool HalAdcCheckVdd (uint8 limit);
     94          
     95          /*********************************************************************
     96           * LOCAL VARIABLES
     97           */
     98          
     99          /*********************************************************************
    100           * LOCAL FUNCTIONS
    101           */
    102          
    103          static void zmain_dev_info( void );
    104          static void zmain_ext_addr( void );
    105          static void zmain_vdd_check( void );
    106          
    107          #ifdef LCD_SUPPORTED
    108          static void zmain_lcd_init( void );
    109          #endif
    110          
    111          /*********************************************************************
    112           * @fn      main
    113           * @brief   First function called after startup.
    114           * @return  don't care
    115           */

   \                                 In  segment BANKED_CODE, align 1, keep-with-next
    116          int main( void )
   \                     main:
    117          {
   \   000000                ; Auto size: 0
    118            // Turn off interrupts
    119            osal_int_disable( INTS_ALL );
   \   000000                ; Setup parameters for call to function osal_int_disable
   \   000000   79FF         MOV     R1,#-0x1
   \   000002   12....       LCALL   ??osal_int_disable?relay
    120          
    121            // Initialization for board related stuff such as LEDs
    122            HAL_BOARD_INIT();
   \   000005   53BEFB       ANL     0xbe,#0xfb
   \                     ??main_0:
   \   000008   E59D         MOV     A,0x9d
   \   00000A   A2E6         MOV     C,0xE0 /* A   */.6
   \   00000C   50FA         JNC     ??main_0
   \   00000E   00           NOP
   \   00000F   78F8         MOV     R0,#-0x8
   \   000011   7901         MOV     R1,#0x1
   \                     ??main_1:
   \   000013   00           NOP
   \   000014   E8           MOV     A,R0
   \   000015   24FF         ADD     A,#-0x1
   \   000017   18           DEC     R0
   \   000018   E9           MOV     A,R1
   \   000019   34FF         ADDC    A,#-0x1
   \   00001B   F9           MOV     R1,A
   \   00001C   E8           MOV     A,R0
   \   00001D   7001         JNZ     ??main_2
   \   00001F   E9           MOV     A,R1
   \                     ??main_2:
   \   000020   70F1         JNZ     ??main_1
   \   000022   75C600       MOV     0xc6,#0x0
   \                     ??main_3:
   \   000025   E59E         MOV     A,0x9e
   \   000027   70FC         JNZ     ??main_3
   \   000029   43BE04       ORL     0xbe,#0x4
   \   00002C   7408         MOV     A,#0x8
   \   00002E   906270       MOV     DPTR,#0x6270
   \   000031   F0           MOVX    @DPTR,A
   \   000032   43FE01       ORL     0xfe,#0x1
   \   000035   43FE02       ORL     0xfe,#0x2
   \   000038   43FE10       ORL     0xfe,#0x10
   \   00003B   438F01       ORL     0x8f,#0x1
    123          
    124            // Make sure supply voltage is high enough to run
    125            zmain_vdd_check();
   \   00003E                ; Setup parameters for call to function zmain_vdd_check
   \   00003E   12....       LCALL   ??zmain_vdd_check?relay
    126          
    127            // Initialize board I/O
    128            InitBoard( OB_COLD );
   \   000041                ; Setup parameters for call to function InitBoard
   \   000041   7900         MOV     R1,#0x0
   \   000043   12....       LCALL   ??InitBoard?relay
    129          
    130            // Initialze HAL drivers
    131            HalDriverInit();
   \   000046                ; Setup parameters for call to function HalDriverInit
   \   000046   12....       LCALL   ??HalDriverInit?relay
    132          
    133            // Initialize NV System
    134            osal_nv_init( NULL );
   \   000049                ; Setup parameters for call to function osal_nv_init
   \   000049   7A00         MOV     R2,#0x0
   \   00004B   7B00         MOV     R3,#0x0
   \   00004D   12....       LCALL   ??osal_nv_init?relay
    135          
    136            // Initialize the MAC
    137            ZMacInit();
   \   000050                ; Setup parameters for call to function ZMacInit
   \   000050   12....       LCALL   ??ZMacInit?relay
    138          
    139            // Determine the extended address
    140            zmain_ext_addr();
   \   000053                ; Setup parameters for call to function zmain_ext_addr
   \   000053   12....       LCALL   ??zmain_ext_addr?relay
    141          
    142            // Initialize basic NV items
    143            zgInit();
   \   000056                ; Setup parameters for call to function zgInit
   \   000056   12....       LCALL   ??zgInit?relay
    144          
    145          #ifndef NONWK
    146            // Since the AF isn't a task, call it's initialization routine
    147            afInit();
   \   000059                ; Setup parameters for call to function afInit
   \   000059   12....       LCALL   ??afInit?relay
    148          #endif
    149          
    150            // Initialize the operating system
    151            osal_init_system();
   \   00005C                ; Setup parameters for call to function osal_init_system
   \   00005C   12....       LCALL   ??osal_init_system?relay
    152          
    153            // Allow interrupts
    154            osal_int_enable( INTS_ALL );
   \   00005F                ; Setup parameters for call to function osal_int_enable
   \   00005F   79FF         MOV     R1,#-0x1
   \   000061   12....       LCALL   ??osal_int_enable?relay
    155          
    156            // Final board initialization
    157            InitBoard( OB_READY );
   \   000064                ; Setup parameters for call to function InitBoard
   \   000064   7902         MOV     R1,#0x2
   \   000066   12....       LCALL   ??InitBoard?relay
    158          
    159            // Display information about this device
    160            zmain_dev_info();
   \   000069                ; Setup parameters for call to function zmain_dev_info
   \   000069   12....       LCALL   ??zmain_dev_info?relay
    161          
    162            /* Display the device info on the LCD */
    163          #ifdef LCD_SUPPORTED
    164            zmain_lcd_init();
   \   00006C                ; Setup parameters for call to function HalLcdWriteString
   \   00006C   7900         MOV     R1,#0x0
   \   00006E   7A..         MOV     R2,#(`?<Constant "TexasInstruments">` & 0xff)
   \   000070   7B..         MOV     R3,#((`?<Constant "TexasInstruments">` >> 8) & 0xff)
   \   000072   12....       LCALL   ??HalLcdWriteString?relay
    165          #endif
    166          
    167          #ifdef WDT_IN_PM1
    168            /* If WDT is used, this is a good place to enable it. */
    169            WatchDogEnable( WDTIMX );
    170          #endif
    171            
    172            /*
    173            HalLedSet ( HAL_LED_1, HAL_LED_MODE_OFF );
    174            HalLedSet ( HAL_LED_2, HAL_LED_MODE_OFF );
    175            HalLedSet ( HAL_LED_3, HAL_LED_MODE_OFF );
    176            HalLedSet ( HAL_LED_4, HAL_LED_MODE_OFF );
    177            
    178            HalLedSet ( HAL_LED_1, HAL_LED_MODE_ON );
    179            HalLedSet ( HAL_LED_2, HAL_LED_MODE_ON );
    180            HalLedSet ( HAL_LED_3, HAL_LED_MODE_ON );
    181            HalLedSet ( HAL_LED_4, HAL_LED_MODE_ON );
    182            */
    183            
    184            //HalLcdWriteString("aasdfasdfasdfasdfasdfasd", HAL_LCD_LINE_2 );
    185            //HalUARTWrite(HAL_UART_PORT_1,"fasdfasdf",5);
    186          
    187          
    188            osal_start_system(); // No Return from here
   \   000075                ; Setup parameters for call to function osal_start_system
   \   000075   12....       LCALL   ??osal_start_system?relay
    189          
    190            return 0;  // Shouldn't get here.
   \   000078   7A00         MOV     R2,#0x0
   \   00007A   7B00         MOV     R3,#0x0
   \   00007C   02....       LJMP    ?BRET
   \   00007F                REQUIRE P0INP
   \   00007F                REQUIRE SLEEPSTA
   \   00007F                REQUIRE CLKCONSTA
   \   00007F                REQUIRE SLEEPCMD
   \   00007F                REQUIRE CLKCONCMD
   \   00007F                REQUIRE P1DIR
    191          } // main()
    192          
    193          /*********************************************************************
    194           * @fn      zmain_vdd_check
    195           * @brief   Check if the Vdd is OK to run the processor.
    196           * @return  Return if Vdd is ok; otherwise, flash LED, then reset
    197           *********************************************************************/

   \                                 In  segment BANKED_CODE, align 1, keep-with-next
    198          static void zmain_vdd_check( void )
   \                     zmain_vdd_check:
    199          {
   \   000000   74F7         MOV     A,#-0x9
   \   000002   12....       LCALL   ?BANKED_ENTER_XDATA
   \   000005                ; Saved register size: 9
   \   000005                ; Auto size: 0
    200            uint8 vdd_passed_count = 0;
   \   000005   7E00         MOV     R6,#0x0
    201            bool toggle = 0;
   \   000007   7F00         MOV     R7,#0x0
    202          
    203            // Repeat getting the sample until number of failures or successes hits MAX
    204            // then based on the count value, determine if the device is ready or not
    205            while ( vdd_passed_count < MAX_VDD_SAMPLES )
    206            {
    207              if ( HalAdcCheckVdd (ZMAIN_VDD_LIMIT) )
   \                     ??zmain_vdd_check_0:
   \   000009                ; Setup parameters for call to function HalAdcCheckVdd
   \   000009   7904         MOV     R1,#0x4
   \   00000B   12....       LCALL   ??HalAdcCheckVdd?relay
   \   00000E   E9           MOV     A,R1
   \   00000F   6019         JZ      ??zmain_vdd_check_1
    208              {
    209                vdd_passed_count++;    // Keep track # times Vdd passes in a row
   \   000011   0E           INC     R6
    210                MicroWait (10000);     // Wait 10ms to try again
   \   000012                ; Setup parameters for call to function Onboard_wait
   \   000012   7A10         MOV     R2,#0x10
   \   000014   7B27         MOV     R3,#0x27
   \   000016   12....       LCALL   ??Onboard_wait?relay
    211              }
    212              else
    213              {
    214                vdd_passed_count = 0;  // Reset passed counter
    215                MicroWait (50000);     // Wait 50ms
    216                MicroWait (50000);     // Wait another 50ms to try again
    217              }
    218          
    219              /* toggle LED1 and LED2 */
    220              if (vdd_passed_count == 0)
   \   000019   EE           MOV     A,R6
   \   00001A   601E         JZ      ??zmain_vdd_check_2
   \   00001C   C3           CLR     C
   \   00001D   9403         SUBB    A,#0x3
   \   00001F   40E8         JC      ??zmain_vdd_check_0
    221              {
    222                if ((toggle = !(toggle)))
    223                  HAL_TOGGLE_LED1();
    224                else
    225                  HAL_TOGGLE_LED2();
    226              }
    227            }
    228          
    229            /* turn off LED1 */
    230            HAL_TURN_OFF_LED1();
   \   000021   C290         CLR     0x90.0
    231            HAL_TURN_OFF_LED2();
   \   000023   C291         CLR     0x90.1
    232          }
   \   000025   7F01         MOV     R7,#0x1
   \   000027   02....       LJMP    ?BANKED_LEAVE_XDATA
   \                     ??zmain_vdd_check_1:
   \   00002A   7E00         MOV     R6,#0x0
   \   00002C                ; Setup parameters for call to function Onboard_wait
   \   00002C   7A50         MOV     R2,#0x50
   \   00002E   7BC3         MOV     R3,#-0x3d
   \   000030   12....       LCALL   ??Onboard_wait?relay
   \   000033                ; Setup parameters for call to function Onboard_wait
   \   000033   7A50         MOV     R2,#0x50
   \   000035   7BC3         MOV     R3,#-0x3d
   \   000037   12....       LCALL   ??Onboard_wait?relay
   \                     ??zmain_vdd_check_2:
   \   00003A   EF           MOV     A,R7
   \   00003B   700A         JNZ     ??zmain_vdd_check_3
   \   00003D   7F01         MOV     R7,#0x1
   \   00003F   A290         MOV     C,0x90.0
   \   000041   400E         JC      ??zmain_vdd_check_4
   \   000043   D290         SETB    0x90.0
   \   000045   80C2         SJMP    ??zmain_vdd_check_0
   \                     ??zmain_vdd_check_3:
   \   000047   7F00         MOV     R7,#0x0
   \   000049   A291         MOV     C,0x90.1
   \   00004B   4008         JC      ??zmain_vdd_check_5
   \   00004D   D291         SETB    0x90.1
   \   00004F   80B8         SJMP    ??zmain_vdd_check_0
   \                     ??zmain_vdd_check_4:
   \   000051   C290         CLR     0x90.0
   \   000053   80B4         SJMP    ??zmain_vdd_check_0
   \                     ??zmain_vdd_check_5:
   \   000055   C291         CLR     0x90.1
   \   000057   80B0         SJMP    ??zmain_vdd_check_0
   \   000059                REQUIRE _A_P1
    233          
    234          /**************************************************************************************************
    235           * @fn          zmain_ext_addr
    236           *
    237           * @brief       Execute a prioritized search for a valid extended address and write the results
    238           *              into the OSAL NV system for use by the system. Temporary address not saved to NV.
    239           *
    240           * input parameters
    241           *
    242           * None.
    243           *
    244           * output parameters
    245           *
    246           * None.
    247           *
    248           * @return      None.
    249           **************************************************************************************************
    250           */

   \                                 In  segment BANKED_CODE, align 1, keep-with-next
    251          static void zmain_ext_addr(void)
   \                     zmain_ext_addr:
    252          {
   \   000000   74F2         MOV     A,#-0xe
   \   000002   12....       LCALL   ?BANKED_ENTER_XDATA
   \   000005                ; Saved register size: 14
   \   000005                ; Auto size: 11
   \   000005   74F5         MOV     A,#-0xb
   \   000007   12....       LCALL   ?ALLOC_XSTACK8
    253            uint8 nullAddr[Z_EXTADDR_LEN] = {0xFF, 0xFF, 0xFF, 0xFF, 0xFF, 0xFF, 0xFF, 0xFF};
   \   00000A   7403         MOV     A,#0x3
   \   00000C   12....       LCALL   ?XSTACK_DISP0_8
   \   00000F   AC82         MOV     R4,DPL
   \   000011   AD83         MOV     R5,DPH
   \   000013   7583..       MOV     DPH,#((`?<Constant {255, 255, 255, 255, 255, 255, 255,` >> 8) & 0xff)
   \   000016   7582..       MOV     DPL,#(`?<Constant {255, 255, 255, 255, 255, 255, 255,` & 0xff)
   \   000019   7408         MOV     A,#0x8
   \   00001B   12....       LCALL   ?MOVE_LONG8_XDATA_XDATA
    254            uint8 writeNV = TRUE;
    255          
    256            // First check whether a non-erased extended address exists in the OSAL NV.
    257            if ((SUCCESS != osal_nv_item_init(ZCD_NV_EXTADDR, Z_EXTADDR_LEN, NULL))  ||
    258                (SUCCESS != osal_nv_read(ZCD_NV_EXTADDR, 0, Z_EXTADDR_LEN, aExtendedAddress)) ||
    259                (osal_memcmp(aExtendedAddress, nullAddr, Z_EXTADDR_LEN)))
   \   00001E   85..82       MOV     DPL,?XSP + 0
   \   000021   85..83       MOV     DPH,?XSP + 1
   \   000024   74..         MOV     A,#(aExtendedAddress & 0xff)
   \   000026   F0           MOVX    @DPTR,A
   \   000027   A3           INC     DPTR
   \   000028   74..         MOV     A,#((aExtendedAddress >> 8) & 0xff)
   \   00002A   F0           MOVX    @DPTR,A
   \   00002B   A3           INC     DPTR
   \   00002C   E4           CLR     A
   \   00002D   F0           MOVX    @DPTR,A
   \   00002E   7403         MOV     A,#0x3
   \   000030   12....       LCALL   ?XSTACK_DISP0_8
   \   000033   A982         MOV     R1,DPL
   \   000035   AA83         MOV     R2,DPH
   \   000037   89..         MOV     ?V0 + 0,R1
   \   000039   8A..         MOV     ?V0 + 1,R2
   \   00003B   75..00       MOV     ?V0 + 2,#0x0
   \   00003E                ; Setup parameters for call to function osal_nv_item_init
   \   00003E   75..00       MOV     ?V0 + 4,#0x0
   \   000041   75..00       MOV     ?V0 + 5,#0x0
   \   000044   78..         MOV     R0,#?V0 + 4
   \   000046   12....       LCALL   ?PUSH_XSTACK_I_TWO
   \   000049   7C08         MOV     R4,#0x8
   \   00004B   7D00         MOV     R5,#0x0
   \   00004D   7A01         MOV     R2,#0x1
   \   00004F   7B00         MOV     R3,#0x0
   \   000051   12....       LCALL   ??osal_nv_item_init?relay
   \   000054   7402         MOV     A,#0x2
   \   000056   12....       LCALL   ?DEALLOC_XSTACK8
   \   000059   E9           MOV     A,R1
   \   00005A   7043         JNZ     ??zmain_ext_addr_0
   \   00005C                ; Setup parameters for call to function osal_nv_read
   \   00005C   75....       MOV     ?V0 + 4,#(aExtendedAddress & 0xff)
   \   00005F   75....       MOV     ?V0 + 5,#((aExtendedAddress >> 8) & 0xff)
   \   000062   78..         MOV     R0,#?V0 + 4
   \   000064   12....       LCALL   ?PUSH_XSTACK_I_TWO
   \   000067   75..08       MOV     ?V0 + 4,#0x8
   \   00006A   75..00       MOV     ?V0 + 5,#0x0
   \   00006D   78..         MOV     R0,#?V0 + 4
   \   00006F   12....       LCALL   ?PUSH_XSTACK_I_TWO
   \   000072   7C00         MOV     R4,#0x0
   \   000074   7D00         MOV     R5,#0x0
   \   000076   7A01         MOV     R2,#0x1
   \   000078   7B00         MOV     R3,#0x0
   \   00007A   12....       LCALL   ??osal_nv_read?relay
   \   00007D   7404         MOV     A,#0x4
   \   00007F   12....       LCALL   ?DEALLOC_XSTACK8
   \   000082   E9           MOV     A,R1
   \   000083   701A         JNZ     ??zmain_ext_addr_0
   \   000085                ; Setup parameters for call to function osal_memcmp
   \   000085   78..         MOV     R0,#?V0 + 0
   \   000087   12....       LCALL   ?PUSH_XSTACK_I_THREE
   \   00008A   7C08         MOV     R4,#0x8
   \   00008C   7D00         MOV     R5,#0x0
   \   00008E   7403         MOV     A,#0x3
   \   000090   12....       LCALL   ?XSTACK_DISP0_8
   \   000093   12....       LCALL   ?Subroutine1 & 0xFFFF
   \                     ??CrossCallReturnLabel_0:
   \   000096   12....       LCALL   ?DEALLOC_XSTACK8
   \   000099   E9           MOV     A,R1
   \   00009A   7003         JNZ     $+5
   \   00009C   02....       LJMP    ??zmain_ext_addr_1 & 0xFFFF
    260            {
    261              // Attempt to read the extended address from the location on the lock bits page
    262              // where the programming tools know to reserve it.
    263              HalFlashRead(HAL_FLASH_IEEE_PAGE, HAL_FLASH_IEEE_OSET, aExtendedAddress, Z_EXTADDR_LEN);
   \                     ??zmain_ext_addr_0:
   \   00009F                ; Setup parameters for call to function HalFlashRead
   \   00009F   75..08       MOV     ?V0 + 4,#0x8
   \   0000A2   78..         MOV     R0,#?V0 + 4
   \   0000A4   12....       LCALL   ?PUSH_XSTACK_I_TWO
   \   0000A7   7C..         MOV     R4,#(aExtendedAddress & 0xff)
   \   0000A9   7D..         MOV     R5,#((aExtendedAddress >> 8) & 0xff)
   \   0000AB   7AE8         MOV     R2,#-0x18
   \   0000AD   7B07         MOV     R3,#0x7
   \   0000AF   797F         MOV     R1,#0x7f
   \   0000B1   12....       LCALL   ??HalFlashRead?relay
   \   0000B4   7402         MOV     A,#0x2
   \   0000B6   12....       LCALL   ?DEALLOC_XSTACK8
    264          
    265              if (osal_memcmp(aExtendedAddress, nullAddr, Z_EXTADDR_LEN))
   \   0000B9                ; Setup parameters for call to function osal_memcmp
   \   0000B9   78..         MOV     R0,#?V0 + 0
   \   0000BB   12....       LCALL   ?PUSH_XSTACK_I_THREE
   \   0000BE   7C08         MOV     R4,#0x8
   \   0000C0   7D00         MOV     R5,#0x0
   \   0000C2   7403         MOV     A,#0x3
   \   0000C4   12....       LCALL   ?XSTACK_DISP0_8
   \   0000C7   12....       LCALL   ?Subroutine1 & 0xFFFF
   \                     ??CrossCallReturnLabel_1:
   \   0000CA   12....       LCALL   ?DEALLOC_XSTACK8
   \   0000CD   E9           MOV     A,R1
   \   0000CE   6035         JZ      ??zmain_ext_addr_2
    266              {
    267                // Attempt to read the extended address from the designated location in the Info Page.
    268                if (!osal_memcmp((uint8 *)(P_INFOPAGE+HAL_INFOP_IEEE_OSET), nullAddr, Z_EXTADDR_LEN))
   \   0000D0                ; Setup parameters for call to function osal_memcmp
   \   0000D0   78..         MOV     R0,#?V0 + 0
   \   0000D2   12....       LCALL   ?PUSH_XSTACK_I_THREE
   \   0000D5   7C08         MOV     R4,#0x8
   \   0000D7   7D00         MOV     R5,#0x0
   \   0000D9   790C         MOV     R1,#0xc
   \   0000DB   7A78         MOV     R2,#0x78
   \   0000DD   7B00         MOV     R3,#0x0
   \   0000DF   12....       LCALL   ??osal_memcmp?relay
   \   0000E2   7403         MOV     A,#0x3
   \   0000E4   12....       LCALL   ?DEALLOC_XSTACK8
   \   0000E7   E9           MOV     A,R1
   \   0000E8   7054         JNZ     ??zmain_ext_addr_3
    269                {
    270                  osal_memcpy(aExtendedAddress, (uint8 *)(P_INFOPAGE+HAL_INFOP_IEEE_OSET), Z_EXTADDR_LEN);
   \   0000EA                ; Setup parameters for call to function osal_memcpy
   \   0000EA   75..0C       MOV     ?V0 + 0,#0xc
   \   0000ED   75..78       MOV     ?V0 + 1,#0x78
   \   0000F0   78..         MOV     R0,#?V0 + 0
   \   0000F2   12....       LCALL   ?PUSH_XSTACK_I_THREE
   \   0000F5   7C08         MOV     R4,#0x8
   \   0000F7   7D00         MOV     R5,#0x0
   \   0000F9   7A..         MOV     R2,#(aExtendedAddress & 0xff)
   \   0000FB   7B..         MOV     R3,#((aExtendedAddress >> 8) & 0xff)
   \   0000FD   12....       LCALL   ??osal_memcpy?relay
   \   000100   7403         MOV     A,#0x3
   \   000102   12....       LCALL   ?DEALLOC_XSTACK8
    271                }
    272                else  // No valid extended address was found.
    273                {
    274                  uint8 idx;
    275                  
    276          #if !defined ( NV_RESTORE )
    277                  writeNV = FALSE;  // Make this a temporary IEEE address
    278          #endif
    279          
    280                  /* Attempt to create a sufficiently random extended address for expediency.
    281                   * Note: this is only valid/legal in a test environment and
    282                   *       must never be used for a commercial product.
    283                   */
    284                  for (idx = 0; idx < (Z_EXTADDR_LEN - 2);)
    285                  {
    286                    uint16 randy = osal_rand();
    287                    aExtendedAddress[idx++] = LO_UINT16(randy);
    288                    aExtendedAddress[idx++] = HI_UINT16(randy);
    289                  }
    290                  // Next-to-MSB identifies ZigBee devicetype.
    291          #if defined ZDO_COORDINATOR
    292                  aExtendedAddress[idx++] = 0x10;
    293          #elif defined RTR_NWK
    294                  aExtendedAddress[idx++] = 0x20;
    295          #else
    296                  aExtendedAddress[idx++] = 0x30;
    297          #endif
    298                  // MSB has historical signficance.
    299                  aExtendedAddress[idx] = 0xF8;
    300                }
    301              }
    302          
    303              if (writeNV)
    304              {
    305                (void)osal_nv_write(ZCD_NV_EXTADDR, 0, Z_EXTADDR_LEN, aExtendedAddress);
   \                     ??zmain_ext_addr_2:
   \   000105                ; Setup parameters for call to function osal_nv_write
   \   000105   75....       MOV     ?V0 + 0,#(aExtendedAddress & 0xff)
   \   000108   75....       MOV     ?V0 + 1,#((aExtendedAddress >> 8) & 0xff)
   \   00010B   78..         MOV     R0,#?V0 + 0
   \   00010D   12....       LCALL   ?PUSH_XSTACK_I_TWO
   \   000110   75..08       MOV     ?V0 + 0,#0x8
   \   000113   75..00       MOV     ?V0 + 1,#0x0
   \   000116   78..         MOV     R0,#?V0 + 0
   \   000118   12....       LCALL   ?PUSH_XSTACK_I_TWO
   \   00011B   7C00         MOV     R4,#0x0
   \   00011D   7D00         MOV     R5,#0x0
   \   00011F   7A01         MOV     R2,#0x1
   \   000121   7B00         MOV     R3,#0x0
   \   000123   12....       LCALL   ??osal_nv_write?relay
   \   000126   7404         MOV     A,#0x4
   \   000128   12....       LCALL   ?DEALLOC_XSTACK8
    306              }
    307            }
    308          
    309            // Set the MAC PIB extended address according to results from above.
    310            (void)ZMacSetReq(MAC_EXTENDED_ADDRESS, aExtendedAddress);
   \                     ??zmain_ext_addr_1:
   \   00012B                ; Setup parameters for call to function ZMacSetReq
   \   00012B   7A..         MOV     R2,#(aExtendedAddress & 0xff)
   \   00012D   7B..         MOV     R3,#((aExtendedAddress >> 8) & 0xff)
   \   00012F   79E2         MOV     R1,#-0x1e
   \   000131   12....       LCALL   ??ZMacSetReq?relay
    311          }
   \   000134   740B         MOV     A,#0xb
   \   000136   12....       LCALL   ?DEALLOC_XSTACK8
   \   000139   7F06         MOV     R7,#0x6
   \   00013B   02....       LJMP    ?BANKED_LEAVE_XDATA
   \                     ??zmain_ext_addr_3:
   \   00013E   7E00         MOV     R6,#0x0
   \                     ??zmain_ext_addr_4:
   \   000140                ; Setup parameters for call to function osal_rand
   \   000140   12....       LCALL   ??osal_rand?relay
   \   000143   8A..         MOV     ?V0 + 0,R2
   \   000145   A8..         MOV     R0,?V0 + 0
   \   000147   8E..         MOV     ?V0 + 0,R6
   \   000149   E5..         MOV     A,?V0 + 0
   \   00014B   12....       LCALL   ??Subroutine4_0 & 0xFFFF
   \                     ??CrossCallReturnLabel_6:
   \   00014E   E8           MOV     A,R0
   \   00014F   F0           MOVX    @DPTR,A
   \   000150   0E           INC     R6
   \   000151   12....       LCALL   ?Subroutine0 & 0xFFFF
   \                     ??CrossCallReturnLabel_8:
   \   000154   EB           MOV     A,R3
   \   000155   F0           MOVX    @DPTR,A
   \   000156   0E           INC     R6
   \   000157   EE           MOV     A,R6
   \   000158   C3           CLR     C
   \   000159   9406         SUBB    A,#0x6
   \   00015B   40E3         JC      ??zmain_ext_addr_4
   \   00015D   12....       LCALL   ?Subroutine0 & 0xFFFF
   \                     ??CrossCallReturnLabel_9:
   \   000160   7430         MOV     A,#0x30
   \   000162   F0           MOVX    @DPTR,A
   \   000163   7401         MOV     A,#0x1
   \   000165   2E           ADD     A,R6
   \   000166   12....       LCALL   ??Subroutine4_0 & 0xFFFF
   \                     ??CrossCallReturnLabel_7:
   \   000169   74F8         MOV     A,#-0x8
   \   00016B   F0           MOVX    @DPTR,A
   \   00016C   80BD         SJMP    ??zmain_ext_addr_1

   \                                 In  segment BANKED_CODE, align 1, keep-with-next
   \                     ?Subroutine1:
   \   000000   E0           MOVX    A,@DPTR
   \   000001   F9           MOV     R1,A
   \   000002   A3           INC     DPTR
   \   000003   E0           MOVX    A,@DPTR
   \   000004   FA           MOV     R2,A
   \   000005   A3           INC     DPTR
   \   000006   E0           MOVX    A,@DPTR
   \   000007   FB           MOV     R3,A
   \   000008   12....       LCALL   ??osal_memcmp?relay
   \   00000B   7403         MOV     A,#0x3
   \   00000D   22           RET

   \                                 In  segment BANKED_CODE, align 1, keep-with-next
   \                     ?Subroutine0:
   \   000000   EE           MOV     A,R6
   \   000001                REQUIRE ??Subroutine4_0
   \   000001                ; // Fall through to label ??Subroutine4_0

   \                                 In  segment BANKED_CODE, align 1, keep-with-next
   \                     ??Subroutine4_0:
   \   000000   24..         ADD     A,#(aExtendedAddress & 0xff)
   \   000002   F582         MOV     DPL,A
   \   000004   E4           CLR     A
   \   000005   34..         ADDC    A,#((aExtendedAddress >> 8) & 0xff)
   \   000007   F583         MOV     DPH,A
   \   000009   22           RET
    312          
    313          /**************************************************************************************************
    314           * @fn          zmain_dev_info
    315           *
    316           * @brief       This displays the IEEE (MSB to LSB) on the LCD.
    317           *
    318           * input parameters
    319           *
    320           * None.
    321           *
    322           * output parameters
    323           *
    324           * None.
    325           *
    326           * @return      None.
    327           **************************************************************************************************
    328           */

   \                                 In  segment BANKED_CODE, align 1, keep-with-next
    329          static void zmain_dev_info(void)
   \                     zmain_dev_info:
    330          {
   \   000000   74F6         MOV     A,#-0xa
   \   000002   12....       LCALL   ?BANKED_ENTER_XDATA
   \   000005                ; Saved register size: 10
   \   000005                ; Auto size: 17
   \   000005   74EF         MOV     A,#-0x11
   \   000007   12....       LCALL   ?ALLOC_XSTACK8
    331          #ifdef LCD_SUPPORTED
    332            uint8 i;
    333            uint8 *xad;
    334            uint8 lcd_buf[Z_EXTADDR_LEN*2+1];
    335          
    336            // Display the extended address.
    337            xad = aExtendedAddress + Z_EXTADDR_LEN - 1;
   \   00000A   78..         MOV     R0,#((aExtendedAddress + 7) & 0xff)
   \   00000C   79..         MOV     R1,#(((aExtendedAddress + 7) >> 8) & 0xff)
    338          
    339            for (i = 0; i < Z_EXTADDR_LEN*2; xad--)
   \   00000E   7C00         MOV     R4,#0x0
    340            {
    341              uint8 ch;
    342              ch = (*xad >> 4) & 0x0F;
   \                     ??zmain_dev_info_0:
   \   000010   8882         MOV     DPL,R0
   \   000012   8983         MOV     DPH,R1
   \   000014   E0           MOVX    A,@DPTR
   \   000015   C4           SWAP    A
   \   000016   12....       LCALL   ?Subroutine3 & 0xFFFF
    343              lcd_buf[i++] = ch + (( ch < 10 ) ? '0' : '7');
   \                     ??CrossCallReturnLabel_4:
   \   000019   5004         JNC     ??zmain_dev_info_1
   \   00001B   7A30         MOV     R2,#0x30
   \   00001D   8002         SJMP    ??zmain_dev_info_2
   \                     ??zmain_dev_info_1:
   \   00001F   7A37         MOV     R2,#0x37
   \                     ??zmain_dev_info_2:
   \   000021   EA           MOV     A,R2
   \   000022   2D           ADD     A,R5
   \   000023   C0E0         PUSH    A
   \   000025   12....       LCALL   ?Subroutine2 & 0xFFFF
   \                     ??CrossCallReturnLabel_2:
   \   000028   D0E0         POP     A
   \   00002A   F0           MOVX    @DPTR,A
    344              ch = *xad & 0x0F;
   \   00002B   8882         MOV     DPL,R0
   \   00002D   8983         MOV     DPH,R1
   \   00002F   E0           MOVX    A,@DPTR
   \   000030   12....       LCALL   ?Subroutine3 & 0xFFFF
    345              lcd_buf[i++] = ch + (( ch < 10 ) ? '0' : '7');
    346            }
   \                     ??CrossCallReturnLabel_5:
   \   000033   5004         JNC     ??zmain_dev_info_3
   \   000035   7A30         MOV     R2,#0x30
   \   000037   8002         SJMP    ??zmain_dev_info_4
   \                     ??zmain_dev_info_3:
   \   000039   7A37         MOV     R2,#0x37
   \                     ??zmain_dev_info_4:
   \   00003B   EA           MOV     A,R2
   \   00003C   2D           ADD     A,R5
   \   00003D   C0E0         PUSH    A
   \   00003F   12....       LCALL   ?Subroutine2 & 0xFFFF
   \                     ??CrossCallReturnLabel_3:
   \   000042   D0E0         POP     A
   \   000044   F0           MOVX    @DPTR,A
   \   000045   E8           MOV     A,R0
   \   000046   24FF         ADD     A,#-0x1
   \   000048   18           DEC     R0
   \   000049   E9           MOV     A,R1
   \   00004A   34FF         ADDC    A,#-0x1
   \   00004C   F9           MOV     R1,A
   \   00004D   EC           MOV     A,R4
   \   00004E   C3           CLR     C
   \   00004F   9410         SUBB    A,#0x10
   \   000051   40BD         JC      ??zmain_dev_info_0
    347            lcd_buf[Z_EXTADDR_LEN*2] = '\0';
   \   000053   7410         MOV     A,#0x10
   \   000055   12....       LCALL   ?XSTACK_DISP0_8
   \   000058   E4           CLR     A
   \   000059   F0           MOVX    @DPTR,A
    348            HalLcdWriteString( "IEEE: ", HAL_LCD_LINE_1 );
   \   00005A                ; Setup parameters for call to function HalLcdWriteString
   \   00005A   F9           MOV     R1,A
   \   00005B   7A..         MOV     R2,#(`?<Constant "IEEE: ">` & 0xff)
   \   00005D   7B..         MOV     R3,#((`?<Constant "IEEE: ">` >> 8) & 0xff)
   \   00005F   12....       LCALL   ??HalLcdWriteString?relay
    349            HalLcdWriteString( (char*)lcd_buf, HAL_LCD_LINE_2 );
   \   000062                ; Setup parameters for call to function HalLcdWriteString
   \   000062   7901         MOV     R1,#0x1
   \   000064   85..82       MOV     DPL,?XSP + 0
   \   000067   85..83       MOV     DPH,?XSP + 1
   \   00006A   AA82         MOV     R2,DPL
   \   00006C   AB83         MOV     R3,DPH
   \   00006E   12....       LCALL   ??HalLcdWriteString?relay
    350          #endif
    351          }
   \   000071   7411         MOV     A,#0x11
   \   000073   12....       LCALL   ?DEALLOC_XSTACK8
   \   000076   7F02         MOV     R7,#0x2
   \   000078   02....       LJMP    ?BANKED_LEAVE_XDATA

   \                                 In  segment BANKED_CODE, align 1, keep-with-next
   \                     ?Subroutine3:
   \   000000   540F         ANL     A,#0xf
   \   000002   FD           MOV     R5,A
   \   000003   8C..         MOV     ?V0 + 0,R4
   \   000005   0C           INC     R4
   \   000006   C3           CLR     C
   \   000007   940A         SUBB    A,#0xa
   \   000009   22           RET

   \                                 In  segment BANKED_CODE, align 1, keep-with-next
   \                     ?Subroutine2:
   \   000000   85..82       MOV     DPL,?XSP + 0
   \   000003   85..83       MOV     DPH,?XSP + 1
   \   000006   E582         MOV     A,DPL
   \   000008   25..         ADD     A,?V0 + 0
   \   00000A   F582         MOV     DPL,A
   \   00000C   E583         MOV     A,DPH
   \   00000E   3400         ADDC    A,#0x0
   \   000010   F583         MOV     DPH,A
   \   000012   22           RET

   \                                 In  segment BANK_RELAYS, align 1
   \                     ??main?relay:
   \   000000   12....       LCALL   ?BDISPATCH
   \   000003   ......       DC24    main

   \                                 In  segment BANK_RELAYS, align 1
   \                     ??zmain_vdd_check?relay:
   \   000000   12....       LCALL   ?BDISPATCH
   \   000003   ......       DC24    zmain_vdd_check

   \                                 In  segment BANK_RELAYS, align 1
   \                     ??zmain_ext_addr?relay:
   \   000000   12....       LCALL   ?BDISPATCH
   \   000003   ......       DC24    zmain_ext_addr

   \                                 In  segment BANK_RELAYS, align 1
   \                     ??zmain_dev_info?relay:
   \   000000   12....       LCALL   ?BDISPATCH
   \   000003   ......       DC24    zmain_dev_info

   \                                 In  segment XDATA_ROM_C, align 1
   \                     `?<Constant {255, 255, 255, 255, 255, 255, 255,`:
   \   000000   FFFFFFFF     DB 255, 255, 255, 255, 255, 255, 255, 255
   \            FFFFFFFF

   \                                 In  segment XDATA_ROM_C, align 1
   \                     `?<Constant "IEEE: ">`:
   \   000000   49454545     DB "IEEE: "
   \            3A2000  

   \                                 In  segment XDATA_ROM_C, align 1
   \                     `?<Constant "TexasInstruments">`:
   \   000000   54657861     DB "TexasInstruments"
   \            73496E73
   \            7472756D
   \            656E7473
   \            00      
    352          
    353          #ifdef LCD_SUPPORTED
    354          /*********************************************************************
    355           * @fn      zmain_lcd_init
    356           * @brief   Initialize LCD at start up.
    357           * @return  none
    358           *********************************************************************/
    359          static void zmain_lcd_init ( void )
    360          {
    361          #ifdef SERIAL_DEBUG_SUPPORTED
    362            {
    363              HalLcdWriteString( "TexasInstruments", HAL_LCD_LINE_1 );
    364          
    365          #if defined( MT_MAC_FUNC )
    366          #if defined( ZDO_COORDINATOR )
    367                HalLcdWriteString( "MAC-MT Coord", HAL_LCD_LINE_2 );
    368          #else
    369                HalLcdWriteString( "MAC-MT Device", HAL_LCD_LINE_2 );
    370          #endif // ZDO
    371          #elif defined( MT_NWK_FUNC )
    372          #if defined( ZDO_COORDINATOR )
    373                HalLcdWriteString( "NWK Coordinator", HAL_LCD_LINE_2 );
    374          #else
    375                HalLcdWriteString( "NWK Device", HAL_LCD_LINE_2 );
    376          #endif // ZDO
    377          #endif // MT_FUNC
    378            }
    379          #endif // SERIAL_DEBUG_SUPPORTED
    380          }
    381          #endif
    382          
    383          /*********************************************************************
    384          *********************************************************************/

   Maximum stack usage in bytes:

     Function               ISTACK PSTACK XSTACK
     --------               ------ ------ ------
     main                       0      0      0
       -> osal_int_disable      0      0      0
       -> zmain_vdd_check       0      0      0
       -> InitBoard             0      0      0
       -> HalDriverInit         0      0      0
       -> osal_nv_init          0      0      0
       -> ZMacInit              0      0      0
       -> zmain_ext_addr        0      0      0
       -> zgInit                0      0      0
       -> afInit                0      0      0
       -> osal_init_system      0      0      0
       -> osal_int_enable       0      0      0
       -> InitBoard             0      0      0
       -> zmain_dev_info        0      0      0
       -> HalLcdWriteString     0      0      0
       -> osal_start_system     0      0      0
     zmain_dev_info             1      0     27
       -> HalLcdWriteString     0      0     54
       -> HalLcdWriteString     0      0     54
     zmain_ext_addr             2      0     29
       -> osal_nv_item_init     0      0     54
       -> osal_nv_read          0      0     58
       -> osal_memcmp           0      0     56
       -> HalFlashRead          0      0     54
       -> osal_memcmp           0      0     56
       -> osal_memcmp           0      0     56
       -> osal_memcpy           0      0     56
       -> osal_nv_write         0      0     58
       -> ZMacSetReq            0      0     50
       -> osal_rand             0      0     50
     zmain_vdd_check            0      0      9
       -> HalAdcCheckVdd        0      0     18
       -> Onboard_wait          0      0     18
       -> Onboard_wait          0      0     18
       -> Onboard_wait          0      0     18


   Segment part sizes:

     Function/Label                                 Bytes
     --------------                                 -----
     P0INP                                             1
     _A_P1                                             1
     SLEEPSTA                                          1
     CLKCONSTA                                         1
     SLEEPCMD                                          1
     CLKCONCMD                                         1
     P1DIR                                             1
     main                                            127
     zmain_vdd_check                                  89
     zmain_ext_addr                                  366
     ?Subroutine1                                     14
     ?Subroutine0                                      1
     ??Subroutine4_0                                  10
     zmain_dev_info                                  123
     ?Subroutine3                                     10
     ?Subroutine2                                     19
     ??main?relay                                      6
     ??zmain_vdd_check?relay                           6
     ??zmain_ext_addr?relay                            6
     ??zmain_dev_info?relay                            6
     ?<Constant {255, 255, 255, 255, 255, 255, 255,    8
     ?<Constant "IEEE: ">                              7
     ?<Constant "TexasInstruments">                   17

 
 759 bytes in segment BANKED_CODE
  24 bytes in segment BANK_RELAYS
   7 bytes in segment SFR_AN
  32 bytes in segment XDATA_ROM_C
 
 783 bytes of CODE  memory
  32 bytes of CONST memory
   0 bytes of DATA  memory (+ 7 bytes shared)

Errors: none
Warnings: none
