###############################################################################
#                                                                             #
# IAR C/C++ Compiler V8.10.1.40194/W32 for 8051         25/Dec/2013  17:58:29 #
# Copyright 2004-2011 IAR Systems AB.                                         #
#                                                                             #
#    Core               =  plain                                              #
#    Code model         =  banked                                             #
#    Data model         =  large                                              #
#    Calling convention =  xdata reentrant                                    #
#    Constant location  =  data_rom                                           #
#    Dptr setup         =  1,16                                               #
#    Source file        =  E:\wise-house\Components\zmac\f8w\zmac_cb.c        #
#    Command line       =  -f E:\wise-house\Projects\zstack\Samples\WSN_senso #
#                          rs\CC2530DB\..\..\..\Tools\CC2530DB\f8wCoord.cfg   #
#                          (-DCPU32MHZ -DROOT=__near_func                     #
#                          -DMAC_CFG_APP_PENDING_QUEUE=TRUE                   #
#                          -DMAC_CFG_TX_DATA_MAX=5 -DMAC_CFG_TX_MAX=8         #
#                          -DMAC_CFG_RX_MAX=5 -DZDO_COORDINATOR -DRTR_NWK)    #
#                          -f E:\wise-house\Projects\zstack\Samples\WSN_senso #
#                          rs\CC2530DB\..\..\..\Tools\CC2530DB\f8wConfig.cfg  #
#                          (-DZIGBEEPRO -DSECURE=0 -DZG_SECURE_DYNAMIC=0      #
#                          -DREFLECTOR -DDEFAULT_CHANLIST=0x00000800          #
#                          -DZDAPP_CONFIG_PAN_ID=0xFFFF                       #
#                          -DNWK_START_DELAY=100 -DEXTENDED_JOINING_RANDOM_MA #
#                          SK=0x007F -DBEACON_REQUEST_DELAY=100               #
#                          -DBEACON_REQ_DELAY_MASK=0x00FF                     #
#                          -DLINK_STATUS_JITTER_MASK=0x007F                   #
#                          -DROUTE_EXPIRY_TIME=30 -DAPSC_ACK_WAIT_DURATION_PO #
#                          LLED=3000 -DNWK_INDIRECT_MSG_TIMEOUT=7             #
#                          -DMAX_RREQ_ENTRIES=8 -DAPSC_MAX_FRAME_RETRIES=3    #
#                          -DNWK_MAX_DATA_RETRIES=2                           #
#                          -DMAX_POLL_FAILURE_RETRIES=2 -DMAX_BCAST=9         #
#                          -DAPS_MAX_GROUPS=16 -DMAX_RTG_ENTRIES=40           #
#                          -DNWK_MAX_BINDING_ENTRIES=4                        #
#                          -DMAX_BINDING_CLUSTER_IDS=4 "-DDEFAULT_KEY={0x01,  #
#                          0x03, 0x05, 0x07, 0x09, 0x0B, 0x0D, 0x0F, 0x00,    #
#                          0x02, 0x04, 0x06, 0x08, 0x0A, 0x0C, 0x0D}"         #
#                          -DMAC_MAX_FRAME_SIZE=116                           #
#                          -DZDNWKMGR_MIN_TRANSMISSIONS=20 "-DCONST=const     #
#                          __code" -DGENERIC=__generic                        #
#                          -DRFD_RCVC_ALWAYS_ON=FALSE -DPOLL_RATE=1000        #
#                          -DQUEUED_POLL_RATE=100 -DRESPONSE_POLL_RATE=100)   #
#                          -DREJOIN_POLL_RATE=440 E:\wise-house\Components\zm #
#                          ac\f8w\zmac_cb.c -D ZIGBEEPRO -D ZTOOL_P1 -D       #
#                          MT_TASK -D MT_SYS_FUNC -D MT_ZDO_FUNC -D           #
#                          LCD_SUPPORTED=DEBUG -lC E:\wise-house\Projects\zst #
#                          ack\Samples\WSN_sensors\CC2530DB\CoordinatorEB-Pro #
#                          \List\ -lA E:\wise-house\Projects\zstack\Samples\W #
#                          SN_sensors\CC2530DB\CoordinatorEB-Pro\List\        #
#                          --diag_suppress Pe001,Pa010 -o                     #
#                          E:\wise-house\Projects\zstack\Samples\WSN_sensors\ #
#                          CC2530DB\CoordinatorEB-Pro\Obj\ -e --debug         #
#                          --core=plain --dptr=16,1 --data_model=large        #
#                          --code_model=banked --calling_convention=xdata_ree #
#                          ntrant --place_constants=data_rom                  #
#                          --nr_virtual_regs 8 -I E:\wise-house\Projects\zsta #
#                          ck\Samples\WSN_sensors\CC2530DB\ -I                #
#                          E:\wise-house\Projects\zstack\Samples\WSN_sensors\ #
#                          CC2530DB\..\SOURCE\ -I E:\wise-house\Projects\zsta #
#                          ck\Samples\WSN_sensors\CC2530DB\..\..\..\ZMAIN\TI2 #
#                          530DB\ -I E:\wise-house\Projects\zstack\Samples\WS #
#                          N_sensors\CC2530DB\..\..\..\..\..\COMPONENTS\MT\   #
#                          -I E:\wise-house\Projects\zstack\Samples\WSN_senso #
#                          rs\CC2530DB\..\..\..\..\..\COMPONENTS\HAL\INCLUDE\ #
#                           -I E:\wise-house\Projects\zstack\Samples\WSN_sens #
#                          ors\CC2530DB\..\..\..\..\..\COMPONENTS\HAL\TARGET\ #
#                          CC2530EB\ -I E:\wise-house\Projects\zstack\Samples #
#                          \WSN_sensors\CC2530DB\..\..\..\..\..\COMPONENTS\OS #
#                          AL\MCU\CCSOC\ -I E:\wise-house\Projects\zstack\Sam #
#                          ples\WSN_sensors\CC2530DB\..\..\..\..\..\COMPONENT #
#                          S\OSAL\INCLUDE\ -I E:\wise-house\Projects\zstack\S #
#                          amples\WSN_sensors\CC2530DB\..\..\..\..\..\COMPONE #
#                          NTS\STACK\AF\ -I E:\wise-house\Projects\zstack\Sam #
#                          ples\WSN_sensors\CC2530DB\..\..\..\..\..\COMPONENT #
#                          S\STACK\NWK\ -I E:\wise-house\Projects\zstack\Samp #
#                          les\WSN_sensors\CC2530DB\..\..\..\..\..\COMPONENTS #
#                          \STACK\SEC\ -I E:\wise-house\Projects\zstack\Sampl #
#                          es\WSN_sensors\CC2530DB\..\..\..\..\..\COMPONENTS\ #
#                          STACK\SAPI\ -I E:\wise-house\Projects\zstack\Sampl #
#                          es\WSN_sensors\CC2530DB\..\..\..\..\..\COMPONENTS\ #
#                          STACK\SYS\ -I E:\wise-house\Projects\zstack\Sample #
#                          s\WSN_sensors\CC2530DB\..\..\..\..\..\COMPONENTS\S #
#                          TACK\ZDO\ -I E:\wise-house\Projects\zstack\Samples #
#                          \WSN_sensors\CC2530DB\..\..\..\..\..\COMPONENTS\ZM #
#                          AC\F8W\ -I E:\wise-house\Projects\zstack\Samples\W #
#                          SN_sensors\CC2530DB\..\..\..\..\..\COMPONENTS\ZMAC #
#                          \ -I E:\wise-house\Projects\zstack\Samples\WSN_sen #
#                          sors\CC2530DB\..\..\..\..\..\COMPONENTS\SERVICES\S #
#                          ADDR\ -I E:\wise-house\Projects\zstack\Samples\WSN #
#                          _sensors\CC2530DB\..\..\..\..\..\COMPONENTS\SERVIC #
#                          ES\SDATA\ -I E:\wise-house\Projects\zstack\Samples #
#                          \WSN_sensors\CC2530DB\..\..\..\..\..\COMPONENTS\MA #
#                          C\INCLUDE\ -I E:\wise-house\Projects\zstack\Sample #
#                          s\WSN_sensors\CC2530DB\..\..\..\..\..\COMPONENTS\M #
#                          AC\HIGH_LEVEL\ -I E:\wise-house\Projects\zstack\Sa #
#                          mples\WSN_sensors\CC2530DB\..\..\..\..\..\COMPONEN #
#                          TS\MAC\LOW_LEVEL\srf04\ -I                         #
#                          E:\wise-house\Projects\zstack\Samples\WSN_sensors\ #
#                          CC2530DB\..\..\..\..\..\COMPONENTS\MAC\LOW_LEVEL\s #
#                          rf04\SINGLE_CHIP\ -Ohz --require_prototypes        #
#    List file          =  E:\wise-house\Projects\zstack\Samples\WSN_sensors\ #
#                          CC2530DB\CoordinatorEB-Pro\List\zmac_cb.lst        #
#    Object file        =  E:\wise-house\Projects\zstack\Samples\WSN_sensors\ #
#                          CC2530DB\CoordinatorEB-Pro\Obj\zmac_cb.r51         #
#                                                                             #
#                                                                             #
###############################################################################

E:\wise-house\Components\zmac\f8w\zmac_cb.c
      1          /**************************************************************************************************
      2            Filename:       zmac_cb.c
      3            Revised:        $Date: 2012-03-08 17:10:16 -0800 (Thu, 08 Mar 2012) $
      4            Revision:       $Revision: 29685 $
      5          
      6            Description:    This file contains the NWK functions that the ZMAC calls
      7          
      8          
      9            Copyright 2005-2012 Texas Instruments Incorporated. All rights reserved.
     10          
     11            IMPORTANT: Your use of this Software is limited to those specific rights
     12            granted under the terms of a software license agreement between the user
     13            who downloaded the software, his/her employer (which must be your employer)
     14            and Texas Instruments Incorporated (the "License").  You may not use this
     15            Software unless you agree to abide by the terms of the License. The License
     16            limits your use, and you acknowledge, that the Software may not be modified,
     17            copied or distributed unless embedded on a Texas Instruments microcontroller
     18            or used solely and exclusively in conjunction with a Texas Instruments radio
     19            frequency transceiver, which is integrated into your product.  Other than for
     20            the foregoing purpose, you may not use, reproduce, copy, prepare derivative
     21            works of, modify, distribute, perform, display or sell this Software and/or
     22            its documentation for any purpose.
     23          
     24            YOU FURTHER ACKNOWLEDGE AND AGREE THAT THE SOFTWARE AND DOCUMENTATION ARE
     25            PROVIDED “AS IS” WITHOUT WARRANTY OF ANY KIND, EITHER EXPRESS OR IMPLIED,
     26            INCLUDING WITHOUT LIMITATION, ANY WARRANTY OF MERCHANTABILITY, TITLE,
     27            NON-INFRINGEMENT AND FITNESS FOR A PARTICULAR PURPOSE. IN NO EVENT SHALL
     28            TEXAS INSTRUMENTS OR ITS LICENSORS BE LIABLE OR OBLIGATED UNDER CONTRACT,
     29            NEGLIGENCE, STRICT LIABILITY, CONTRIBUTION, BREACH OF WARRANTY, OR OTHER
     30            LEGAL EQUITABLE THEORY ANY DIRECT OR INDIRECT DAMAGES OR EXPENSES
     31            INCLUDING BUT NOT LIMITED TO ANY INCIDENTAL, SPECIAL, INDIRECT, PUNITIVE
     32            OR CONSEQUENTIAL DAMAGES, LOST PROFITS OR LOST DATA, COST OF PROCUREMENT
     33            OF SUBSTITUTE GOODS, TECHNOLOGY, SERVICES, OR ANY CLAIMS BY THIRD PARTIES
     34            (INCLUDING BUT NOT LIMITED TO ANY DEFENSE THEREOF), OR OTHER SIMILAR COSTS.
     35          
     36            Should you have any questions regarding your right to use this Software,
     37            contact Texas Instruments Incorporated at www.TI.com.
     38          **************************************************************************************************/
     39          
     40          /********************************************************************************************************
     41           *                                               INCLUDES
     42           ********************************************************************************************************/
     43          
     44          #include "ZComDef.h"
     45          #include "OSAL.h"
     46          #include "ZMAC.h"
     47          #include "MT_MAC.h"
     48          #include "hal_mcu.h"

   \                                 In  segment SFR_AN, at 0xa8
   \   union <unnamed> volatile __sfr _A_IEN0
   \                     _A_IEN0:
   \   000000                DS 1
     49          
     50          #if !defined NONWK
     51          #include "nwk.h"
     52          #include "nwk_bufs.h"
     53          #include "ZGlobals.h"
     54          #endif
     55          
     56          #if defined( MACSIM )
     57            #include "mac_sim.h"
     58          #endif
     59          
     60          #include "mac_security.h"
     61          
     62          #include "mac_main.h"
     63          extern void *ZMac_ScanBuf;
     64          
     65          /********************************************************************************************************
     66           *                                               CONSTANTS
     67           ********************************************************************************************************/
     68          
     69          #if !defined NONWK
     70          /* Lookup table for size of structures. Must match with the order of MAC callback events */

   \                                 In  segment CODE_C, align 1
     71          const uint8 CODE zmacCBSizeTable [] = {
   \                     zmacCBSizeTable:
   \   000000   00           DB 0
   \   000001   16           DB 22
   \   000002   0F           DB 15
   \   000003   00           DB 0
   \   000004   00           DB 0
   \   000005   0B           DB 11
   \   000006   15           DB 21
   \   000007   0B           DB 11
   \   000008   02           DB 2
   \   000009   00           DB 0
   \   00000A   02           DB 2
   \   00000B   22           DB 34
   \   00000C   0F           DB 15
   \   00000D   32           DB 50
   \   00000E   00           DB 0
   \   00000F   00           DB 0
   \   000010   06           DB 6
     72            0,
     73            sizeof(ZMacAssociateInd_t),       // MAC_MLME_ASSOCIATE_IND      1   Associate indication
     74            sizeof(ZMacAssociateCnf_t),       // MAC_MLME_ASSOCIATE_CNF      2   Associate confirm
     75            0,                                // MAC_MLME_DISASSOCIATE_IND   3   Disassociate indication
     76            0,                                // MAC_MLME_DISASSOCIATE_CNF   4   Disassociate confirm
     77            sizeof(macMlmeBeaconNotifyInd_t), // MAC_MLME_BEACON_NOTIFY_IND  5   con notify indication
     78            sizeof(ZMacOrphanInd_t),          // MAC_MLME_ORPHAN_IND         6   Orphan indication
     79            sizeof(ZMacScanCnf_t),            // MAC_MLME_SCAN_CNF           7   Scan confirm
     80            sizeof(ZMacStartCnf_t),           // MAC_MLME_START_CNF          8   Start confirm
     81            0,                                // MAC_MLME_SYNC_LOSS_IND      9   Sync loss indication
     82            sizeof(ZMacPollCnf_t),            // MAC_MLME_POLL_CNF           10  Poll confirm
     83            sizeof(ZMacCommStatusInd_t),      // MAC_MLME_COMM_STATUS_IND    11  Comm status indication
     84            sizeof(ZMacDataCnf_t),            // MAC_MCPS_DATA_CNF           12  Data confirm
     85            sizeof(macMcpsDataInd_t),         // MAC_MCPS_DATA_IND           13  Data indication
     86            0,                                // MAC_MCPS_PURGE_CNF          14  Purge confirm
     87            0,                                // MAC_PWR_ON_CNF              15  Power on confirm
     88            sizeof(ZMacPollInd_t)             // MAC_MLME_POLL_IND           16  Poll indication
     89          };
     90          #endif /* !defined NONWK */
     91          
     92          /********************************************************************************************************
     93           *                                               LOCALS
     94           ********************************************************************************************************/
     95          
     96          /* LQI Adjustment Mode */

   \                                 In  segment XDATA_Z, align 1, keep-with-next
     97          static ZMacLqiAdjust_t lqiAdjMode = LQI_ADJ_OFF;
   \                     lqiAdjMode:
   \   000000                DS 1
   \   000001                REQUIRE __INIT_XDATA_Z
     98          
     99          #if !defined NONWK
    100          /* LQI Adjustment Function */
    101          static void ZMacLqiAdjust( uint8 corr, uint8* lqi );
    102          #endif
    103          
    104          /*********************************************************************
    105           * ZMAC Function Pointers
    106           */
    107          
    108          /*
    109           * ZMac Application callback function. This function will be called
    110           * for every MAC message that is received over-the-air or generated
    111           * locally by MAC for the application.
    112           *
    113           * The callback function should return TRUE if it has handled the
    114           * MAC message and no further action should be taken with it. It
    115           * should return FALSE if it has not handled the MAC message and
    116           * normal processing should take place.
    117           *
    118           * NOTE: The processing in this function should be kept to the
    119           *       minimum.
    120           */

   \                                 In  segment XDATA_Z, align 1, keep-with-next
    121          uint8 (*pZMac_AppCallback)( uint8 *msgPtr ) = (void*)NULL;
   \                     pZMac_AppCallback:
   \   000000                DS 2
   \   000002                REQUIRE __INIT_XDATA_Z
    122          
    123          
    124          /*********************************************************************
    125           * ZMAC Functions
    126           */
    127          
    128          /**************************************************************************************************
    129           * @fn       MAC_CbackEvent()
    130           *
    131           * @brief    convert MAC data confirm and indication to ZMac and send to NWK
    132           *
    133           * @param    pData - pointer to macCbackEvent_t
    134           *
    135           * @return   none
    136           *************************************************************************************************/

   \                                 In  segment BANKED_CODE, align 1, keep-with-next
    137          void MAC_CbackEvent(macCbackEvent_t *pData)
   \                     MAC_CbackEvent:
    138          #ifndef MT_MAC_CB_FUNC
    139          {
   \   000000   74F0         MOV     A,#-0x10
   \   000002   12....       LCALL   ?BANKED_ENTER_XDATA
   \   000005                ; Saved register size: 16
   \   000005                ; Auto size: 6
   \   000005   74FA         MOV     A,#-0x6
   \   000007   12....       LCALL   ?ALLOC_XSTACK8
   \   00000A   85..82       MOV     DPL,?XSP + 0
   \   00000D   85..83       MOV     DPH,?XSP + 1
   \   000010   EA           MOV     A,R2
   \   000011   F0           MOVX    @DPTR,A
   \   000012   A3           INC     DPTR
   \   000013   EB           MOV     A,R3
   \   000014   F0           MOVX    @DPTR,A
    140          #if !defined NONWK
    141            uint8 event = pData->hdr.event;
   \   000015   12....       LCALL   ?Subroutine7 & 0xFFFF
   \                     ??CrossCallReturnLabel_29:
   \   000018   E0           MOVX    A,@DPTR
   \   000019   F5..         MOV     ?V0 + 3,A
    142            uint16 tmp = zmacCBSizeTable[event];
   \   00001B   F5..         MOV     ?V0 + 0,A
   \   00001D   74..         MOV     A,#zmacCBSizeTable & 0xff
   \   00001F   25..         ADD     A,?V0 + 0
   \   000021   F582         MOV     DPL,A
   \   000023   74..         MOV     A,#(zmacCBSizeTable >> 8) & 0xff
   \   000025   3400         ADDC    A,#0x0
   \   000027   F583         MOV     DPH,A
   \   000029   E4           CLR     A
   \   00002A   93           MOVC    A,@A+DPTR
   \   00002B   FE           MOV     R6,A
   \   00002C   7402         MOV     A,#0x2
   \   00002E   12....       LCALL   ?XSTACK_DISP0_8
   \   000031   EE           MOV     A,R6
   \   000032   F0           MOVX    @DPTR,A
   \   000033   A3           INC     DPTR
   \   000034   E4           CLR     A
   \   000035   F0           MOVX    @DPTR,A
    143            macCbackEvent_t *msgPtr;
    144          
    145            /* If the Network layer will handle a new MAC callback, a non-zero value must be entered in the
    146             * corresponding location in the zmacCBSizeTable[] - thus the table acts as "should handle"?
    147             */
    148            if (tmp == 0)
   \   000036   7402         MOV     A,#0x2
   \   000038   12....       LCALL   ?XSTACK_DISP0_8
   \   00003B   E0           MOVX    A,@DPTR
   \   00003C   7003         JNZ     $+5
   \   00003E   02....       LJMP    ??MAC_CbackEvent_0 & 0xFFFF
    149            {
    150              return;
    151            }
    152          
    153            // MAC_MCPS_DATA_IND is very special - it is the only event where the MAC does not free *pData.
    154            if ( event == MAC_MCPS_DATA_IND )
   \   000041   740D         MOV     A,#0xd
   \   000043   65..         XRL     A,?V0 + 3
   \   000045   704B         JNZ     ??MAC_CbackEvent_1
    155            {
    156              MAC_MlmeGetReq( MAC_SHORT_ADDRESS, &tmp );
   \   000047                ; Setup parameters for call to function MAC_MlmeGetReq
   \   000047   AA82         MOV     R2,DPL
   \   000049   AB83         MOV     R3,DPH
   \   00004B   7953         MOV     R1,#0x53
   \   00004D   12....       LCALL   ??MAC_MlmeGetReq?relay
    157              if ((tmp == INVALID_NODE_ADDR) || (tmp == NWK_BROADCAST_SHORTADDR_DEVALL) ||
    158                  (pData->dataInd.msdu.len == 0))
   \   000050   7402         MOV     A,#0x2
   \   000052   12....       LCALL   ?XSTACK_DISP0_8
   \   000055   E0           MOVX    A,@DPTR
   \   000056   64FE         XRL     A,#0xfe
   \   000058   7003         JNZ     ??MAC_CbackEvent_2
   \   00005A   A3           INC     DPTR
   \   00005B   E0           MOVX    A,@DPTR
   \   00005C   F4           CPL     A
   \                     ??MAC_CbackEvent_2:
   \   00005D   6016         JZ      ??MAC_CbackEvent_3
   \   00005F   7402         MOV     A,#0x2
   \   000061   12....       LCALL   ?XSTACK_DISP0_8
   \   000064   E0           MOVX    A,@DPTR
   \   000065   F4           CPL     A
   \   000066   7003         JNZ     ??MAC_CbackEvent_4
   \   000068   A3           INC     DPTR
   \   000069   E0           MOVX    A,@DPTR
   \   00006A   F4           CPL     A
   \                     ??MAC_CbackEvent_4:
   \   00006B   6008         JZ      ??MAC_CbackEvent_3
   \   00006D   12....       LCALL   ?Subroutine6 & 0xFFFF
   \                     ??CrossCallReturnLabel_11:
   \   000070   A3           INC     DPTR
   \   000071   A3           INC     DPTR
   \   000072   E0           MOVX    A,@DPTR
   \   000073   700D         JNZ     ??MAC_CbackEvent_5
    159              {
    160                mac_msg_deallocate( (uint8 **)&pData );
   \                     ??MAC_CbackEvent_3:
   \   000075                ; Setup parameters for call to function mac_msg_deallocate
   \   000075   85..82       MOV     DPL,?XSP + 0
   \   000078   85..83       MOV     DPH,?XSP + 1
   \   00007B   AA82         MOV     R2,DPL
   \   00007D   AB83         MOV     R3,DPH
   \   00007F   02....       LJMP    ??MAC_CbackEvent_6 & 0xFFFF
    161                return;
    162              }
    163              msgPtr = pData;
   \                     ??MAC_CbackEvent_5:
   \   000082   85..82       MOV     DPL,?XSP + 0
   \   000085   85..83       MOV     DPH,?XSP + 1
   \   000088   E0           MOVX    A,@DPTR
   \   000089   F5..         MOV     ?V0 + 4,A
   \   00008B   A3           INC     DPTR
   \   00008C   E0           MOVX    A,@DPTR
   \   00008D   F5..         MOV     ?V0 + 5,A
   \   00008F   02....       LJMP    ??MAC_CbackEvent_7 & 0xFFFF
    164            }
    165            else
    166            {
    167              if (event == MAC_MLME_BEACON_NOTIFY_IND )
   \                     ??MAC_CbackEvent_1:
   \   000092   7405         MOV     A,#0x5
   \   000094   65..         XRL     A,?V0 + 3
   \   000096   7015         JNZ     ??MAC_CbackEvent_8
    168              {
    169                tmp += sizeof(macPanDesc_t) + pData->beaconNotifyInd.sduLength;
   \   000098   85..82       MOV     DPL,?XSP + 0
   \   00009B   85..83       MOV     DPH,?XSP + 1
   \   00009E   12....       LCALL   ?Subroutine4 & 0xFFFF
    170              }
   \                     ??CrossCallReturnLabel_7:
   \   0000A1   A3           INC     DPTR
   \   0000A2   A3           INC     DPTR
   \   0000A3   E0           MOVX    A,@DPTR
   \   0000A4   2421         ADD     A,#0x21
   \   0000A6   F8           MOV     R0,A
   \   0000A7   E4           CLR     A
   \   0000A8   3400         ADDC    A,#0x0
   \   0000AA   F9           MOV     R1,A
   \   0000AB   8033         SJMP    ??MAC_CbackEvent_9
    171              else if (event == MAC_MLME_SCAN_CNF)
   \                     ??MAC_CbackEvent_8:
   \   0000AD   7407         MOV     A,#0x7
   \   0000AF   65..         XRL     A,?V0 + 3
   \   0000B1   7039         JNZ     ??MAC_CbackEvent_10
    172              {
    173                if (pData->scanCnf.scanType == ZMAC_ED_SCAN)
   \   0000B3   12....       LCALL   ?Subroutine5 & 0xFFFF
   \                     ??CrossCallReturnLabel_9:
   \   0000B6   700F         JNZ     ??MAC_CbackEvent_11
    174                {
    175                  tmp += ZMAC_ED_SCAN_MAXCHANNELS;
   \   0000B8   7402         MOV     A,#0x2
   \   0000BA   12....       LCALL   ?XSTACK_DISP0_8
   \   0000BD   E0           MOVX    A,@DPTR
   \   0000BE   241B         ADD     A,#0x1b
   \   0000C0   F0           MOVX    @DPTR,A
   \   0000C1   A3           INC     DPTR
   \   0000C2   E0           MOVX    A,@DPTR
   \   0000C3   3400         ADDC    A,#0x0
   \   0000C5   8024         SJMP    ??MAC_CbackEvent_12
    176                }
    177                else
    178                {
    179                  tmp += sizeof( ZMacPanDesc_t ) * pData->scanCnf.resultListSize;
   \                     ??MAC_CbackEvent_11:
   \   0000C7   85..82       MOV     DPL,?XSP + 0
   \   0000CA   85..83       MOV     DPH,?XSP + 1
   \   0000CD   12....       LCALL   ??Subroutine15_0 & 0xFFFF
    180                }
    181              }
   \                     ??CrossCallReturnLabel_28:
   \   0000D0   A3           INC     DPTR
   \   0000D1   A3           INC     DPTR
   \   0000D2   A3           INC     DPTR
   \   0000D3   A3           INC     DPTR
   \   0000D4   A3           INC     DPTR
   \   0000D5   A3           INC     DPTR
   \   0000D6   A3           INC     DPTR
   \   0000D7   A3           INC     DPTR
   \   0000D8   E0           MOVX    A,@DPTR
   \   0000D9   75F021       MOV     B,#0x21
   \   0000DC   A4           MUL     AB
   \   0000DD   F8           MOV     R0,A
   \   0000DE   A9F0         MOV     R1,B
   \                     ??MAC_CbackEvent_9:
   \   0000E0   7402         MOV     A,#0x2
   \   0000E2   12....       LCALL   ?XSTACK_DISP0_8
   \   0000E5   E0           MOVX    A,@DPTR
   \   0000E6   28           ADD     A,R0
   \   0000E7   F0           MOVX    @DPTR,A
   \   0000E8   A3           INC     DPTR
   \   0000E9   E0           MOVX    A,@DPTR
   \   0000EA   39           ADDC    A,R1
   \                     ??MAC_CbackEvent_12:
   \   0000EB   F0           MOVX    @DPTR,A
    182          
    183              if ( !(msgPtr = (macCbackEvent_t *)osal_msg_allocate(tmp)) )
   \                     ??MAC_CbackEvent_10:
   \   0000EC                ; Setup parameters for call to function osal_msg_allocate
   \   0000EC   7402         MOV     A,#0x2
   \   0000EE   12....       LCALL   ?XSTACK_DISP0_8
   \   0000F1   12....       LCALL   ?Subroutine3 & 0xFFFF
   \                     ??CrossCallReturnLabel_5:
   \   0000F4   7035         JNZ     ??MAC_CbackEvent_13
    184              {
    185                // Not enough memory. If data confirm - try again
    186                if ((event == MAC_MCPS_DATA_CNF) && (pData->dataCnf.pDataReq != NULL))
   \   0000F6   740C         MOV     A,#0xc
   \   0000F8   65..         XRL     A,?V0 + 3
   \   0000FA   6003         JZ      $+5
   \   0000FC   02....       LJMP    ??MAC_CbackEvent_0 & 0xFFFF
   \   0000FF   12....       LCALL   ?Subroutine1 & 0xFFFF
   \                     ??CrossCallReturnLabel_0:
   \   000102   7003         JNZ     $+5
   \   000104   02....       LJMP    ??MAC_CbackEvent_0 & 0xFFFF
    187                {
    188                  halIntState_t intState;
    189          
    190                  // This is not normally deallocated here because the pZMac_AppCallback()
    191                  // application may need it.
    192                  HAL_ENTER_CRITICAL_SECTION( intState );  // Hold off interrupts.
   \   000107   A2AF         MOV     C,0xa8.7
   \   000109   E4           CLR     A
   \   00010A   33           RLC     A
   \   00010B   F5..         MOV     ?V0 + 2,A
   \   00010D   C2AF         CLR     0xa8.7
    193          
    194                  mac_msg_deallocate( (uint8**)&(pData->dataCnf.pDataReq) );
   \   00010F                ; Setup parameters for call to function mac_msg_deallocate
   \   00010F   12....       LCALL   ??mac_msg_deallocate?relay
    195                  if ( !(msgPtr = (macCbackEvent_t *)osal_msg_allocate(tmp)) )
   \   000112                ; Setup parameters for call to function osal_msg_allocate
   \   000112   7402         MOV     A,#0x2
   \   000114   12....       LCALL   ?XSTACK_DISP0_8
   \   000117   12....       LCALL   ?Subroutine3 & 0xFFFF
   \                     ??CrossCallReturnLabel_6:
   \   00011A   7009         JNZ     ??MAC_CbackEvent_14
    196                  {
    197                    // Still no allocation, something is wrong
    198                    HAL_EXIT_CRITICAL_SECTION( intState );   // Re-enable interrupts.
   \   00011C   E5..         MOV     A,?V0 + 2
   \   00011E   A2E0         MOV     C,0xE0 /* A   */.0
   \   000120   92AF         MOV     0xa8.7,C
    199                    return;
   \   000122   02....       LJMP    ??MAC_CbackEvent_0 & 0xFFFF
    200                  }
    201                  HAL_EXIT_CRITICAL_SECTION( intState );   // Re-enable interrupts.
   \                     ??MAC_CbackEvent_14:
   \   000125   E5..         MOV     A,?V0 + 2
   \   000127   A2E0         MOV     C,0xE0 /* A   */.0
   \   000129   92AF         MOV     0xa8.7,C
    202                }
    203                else
    204                {
    205                  // This message is dropped
    206                  return;
    207                }
    208              }
    209              osal_memcpy(msgPtr, pData, zmacCBSizeTable[event]);
   \                     ??MAC_CbackEvent_13:
   \   00012B                ; Setup parameters for call to function osal_memcpy
   \   00012B   85..82       MOV     DPL,?XSP + 0
   \   00012E   85..83       MOV     DPH,?XSP + 1
   \   000131   12....       LCALL   ?Subroutine12 & 0xFFFF
    210            }
   \                     ??CrossCallReturnLabel_17:
   \   000134   75..00       MOV     ?V0 + 2,#0x0
   \   000137   78..         MOV     R0,#?V0 + 0
   \   000139   12....       LCALL   ?PUSH_XSTACK_I_THREE
   \   00013C   EE           MOV     A,R6
   \   00013D   FC           MOV     R4,A
   \   00013E   7D00         MOV     R5,#0x0
   \   000140   AA..         MOV     R2,?V0 + 4
   \   000142   AB..         MOV     R3,?V0 + 5
   \   000144   12....       LCALL   ??Subroutine14_0 & 0xFFFF
   \                     ??CrossCallReturnLabel_26:
   \   000147   12....       LCALL   ?DEALLOC_XSTACK8
    211          
    212            if ( event == MAC_MLME_BEACON_NOTIFY_IND )
   \   00014A   E5..         MOV     A,?V0 + 4
   \   00014C   2409         ADD     A,#0x9
   \   00014E   F5..         MOV     ?V0 + 6,A
   \   000150   E5..         MOV     A,?V0 + 5
   \   000152   3400         ADDC    A,#0x0
   \   000154   F5..         MOV     ?V0 + 7,A
   \   000156   E5..         MOV     A,?V0 + 4
   \   000158   240B         ADD     A,#0xb
   \   00015A   FE           MOV     R6,A
   \   00015B   E5..         MOV     A,?V0 + 5
   \   00015D   3400         ADDC    A,#0x0
   \   00015F   FF           MOV     R7,A
   \   000160   7405         MOV     A,#0x5
   \   000162   65..         XRL     A,?V0 + 3
   \   000164   707F         JNZ     ??MAC_CbackEvent_15
   \   000166                ; Setup parameters for call to function osal_memcpy
   \   000166   85..82       MOV     DPL,?V0 + 4
   \   000169   85..83       MOV     DPH,?V0 + 5
   \   00016C   A3           INC     DPTR
   \   00016D   A3           INC     DPTR
   \   00016E   A3           INC     DPTR
   \   00016F   12....       LCALL   ?Subroutine8 & 0xFFFF
   \                     ??CrossCallReturnLabel_13:
   \   000172   12....       LCALL   ?PUSH_XSTACK_I_THREE
   \   000175   7C21         MOV     R4,#0x21
   \   000177   7D00         MOV     R5,#0x0
   \   000179   EE           MOV     A,R6
   \   00017A   FA           MOV     R2,A
   \   00017B   EF           MOV     A,R7
   \   00017C   12....       LCALL   ?Subroutine10 & 0xFFFF
   \                     ??CrossCallReturnLabel_23:
   \   00017F   12....       LCALL   ?DEALLOC_XSTACK8
    213            {
    214              macMlmeBeaconNotifyInd_t *pBeacon = (macMlmeBeaconNotifyInd_t*)msgPtr;
    215          
    216              osal_memcpy(pBeacon+1, pBeacon->pPanDesc, sizeof(macPanDesc_t));
    217              pBeacon->pPanDesc = (macPanDesc_t *)(pBeacon+1);
   \   000182   85..82       MOV     DPL,?V0 + 4
   \   000185   85..83       MOV     DPH,?V0 + 5
   \   000188   A3           INC     DPTR
   \   000189   A3           INC     DPTR
   \   00018A   A3           INC     DPTR
   \   00018B   EE           MOV     A,R6
   \   00018C   F0           MOVX    @DPTR,A
   \   00018D   A3           INC     DPTR
   \   00018E   EF           MOV     A,R7
   \   00018F   F0           MOVX    @DPTR,A
    218              osal_memcpy(pBeacon->pPanDesc+1, pBeacon->pSdu, pBeacon->sduLength);
   \   000190                ; Setup parameters for call to function osal_memcpy
   \   000190   85..82       MOV     DPL,?V0 + 6
   \   000193   85..83       MOV     DPH,?V0 + 7
   \   000196   12....       LCALL   ?Subroutine8 & 0xFFFF
   \                     ??CrossCallReturnLabel_14:
   \   000199   12....       LCALL   ?PUSH_XSTACK_I_THREE
   \   00019C   85..82       MOV     DPL,?V0 + 4
   \   00019F   85..83       MOV     DPH,?V0 + 5
   \   0001A2   A3           INC     DPTR
   \   0001A3   A3           INC     DPTR
   \   0001A4   A3           INC     DPTR
   \   0001A5   A3           INC     DPTR
   \   0001A6   A3           INC     DPTR
   \   0001A7   A3           INC     DPTR
   \   0001A8   A3           INC     DPTR
   \   0001A9   A3           INC     DPTR
   \   0001AA   E0           MOVX    A,@DPTR
   \   0001AB   FC           MOV     R4,A
   \   0001AC   7D00         MOV     R5,#0x0
   \   0001AE   85..82       MOV     DPL,?V0 + 4
   \   0001B1   85..83       MOV     DPH,?V0 + 5
   \   0001B4   A3           INC     DPTR
   \   0001B5   A3           INC     DPTR
   \   0001B6   A3           INC     DPTR
   \   0001B7   E0           MOVX    A,@DPTR
   \   0001B8   2421         ADD     A,#0x21
   \   0001BA   FA           MOV     R2,A
   \   0001BB   A3           INC     DPTR
   \   0001BC   E0           MOVX    A,@DPTR
   \   0001BD   3400         ADDC    A,#0x0
   \   0001BF   12....       LCALL   ?Subroutine10 & 0xFFFF
   \                     ??CrossCallReturnLabel_24:
   \   0001C2   12....       LCALL   ?DEALLOC_XSTACK8
    219              pBeacon->pSdu = (uint8 *)(pBeacon->pPanDesc+1);
   \   0001C5   85..82       MOV     DPL,?V0 + 4
   \   0001C8   85..83       MOV     DPH,?V0 + 5
   \   0001CB   A3           INC     DPTR
   \   0001CC   A3           INC     DPTR
   \   0001CD   A3           INC     DPTR
   \   0001CE   E0           MOVX    A,@DPTR
   \   0001CF   2421         ADD     A,#0x21
   \   0001D1   F8           MOV     R0,A
   \   0001D2   A3           INC     DPTR
   \   0001D3   E0           MOVX    A,@DPTR
   \   0001D4   3400         ADDC    A,#0x0
   \   0001D6   F9           MOV     R1,A
   \   0001D7   85..82       MOV     DPL,?V0 + 6
   \   0001DA   85..83       MOV     DPH,?V0 + 7
   \   0001DD   E8           MOV     A,R0
   \   0001DE   F0           MOVX    @DPTR,A
   \   0001DF   A3           INC     DPTR
   \   0001E0   E9           MOV     A,R1
   \   0001E1   F0           MOVX    @DPTR,A
   \   0001E2   02....       LJMP    ??MAC_CbackEvent_7 & 0xFFFF
    220            }
    221            else if (event == MAC_MLME_SCAN_CNF)
   \                     ??MAC_CbackEvent_15:
   \   0001E5   7407         MOV     A,#0x7
   \   0001E7   65..         XRL     A,?V0 + 3
   \   0001E9   6003         JZ      $+5
   \   0001EB   02....       LJMP    ??MAC_CbackEvent_7 & 0xFFFF
    222            {
    223              macMlmeScanCnf_t *pScan = (macMlmeScanCnf_t*)msgPtr;
    224          
    225              if (ZMac_ScanBuf != NULL)
   \   0001EE   90....       MOV     DPTR,#ZMac_ScanBuf
   \   0001F1   12....       LCALL   ?Subroutine13 & 0xFFFF
   \                     ??CrossCallReturnLabel_20:
   \   0001F4   607A         JZ      ??MAC_CbackEvent_7
    226              {
    227                void *pTmp = ZMac_ScanBuf;
   \   0001F6   7404         MOV     A,#0x4
   \   0001F8   12....       LCALL   ?XSTACK_DISP0_8
   \   0001FB   E8           MOV     A,R0
   \   0001FC   F0           MOVX    @DPTR,A
   \   0001FD   A3           INC     DPTR
   \   0001FE   E9           MOV     A,R1
   \   0001FF   F0           MOVX    @DPTR,A
    228                ZMac_ScanBuf = NULL;
   \   000200   90....       MOV     DPTR,#ZMac_ScanBuf
   \   000203   E4           CLR     A
   \   000204   F0           MOVX    @DPTR,A
   \   000205   A3           INC     DPTR
   \   000206   F0           MOVX    @DPTR,A
    229          
    230                if (pScan->scanType == ZMAC_ED_SCAN)
   \   000207   7404         MOV     A,#0x4
   \   000209   12....       LCALL   ?XSTACK_DISP0_8
   \   00020C   12....       LCALL   ?Subroutine12 & 0xFFFF
   \                     ??CrossCallReturnLabel_18:
   \   00020F   85..82       MOV     DPL,?V0 + 4
   \   000212   85..83       MOV     DPH,?V0 + 5
   \   000215   A3           INC     DPTR
   \   000216   A3           INC     DPTR
   \   000217   E0           MOVX    A,@DPTR
   \   000218   85..82       MOV     DPL,?V0 + 6
   \   00021B   85..83       MOV     DPH,?V0 + 7
   \   00021E   701A         JNZ     ??MAC_CbackEvent_16
    231                {
    232                  pScan->result.pEnergyDetect = (uint8*) (pScan + 1);
   \   000220   EE           MOV     A,R6
   \   000221   F0           MOVX    @DPTR,A
   \   000222   A3           INC     DPTR
   \   000223   EF           MOV     A,R7
   \   000224   F0           MOVX    @DPTR,A
    233                  osal_memcpy(pScan->result.pEnergyDetect, pTmp, ZMAC_ED_SCAN_MAXCHANNELS);
   \   000225                ; Setup parameters for call to function osal_memcpy
   \   000225   78..         MOV     R0,#?V0 + 0
   \   000227   12....       LCALL   ?PUSH_XSTACK_I_THREE
   \   00022A   7C1B         MOV     R4,#0x1b
   \   00022C   7D00         MOV     R5,#0x0
   \   00022E   85..82       MOV     DPL,?V0 + 6
   \   000231   85..83       MOV     DPH,?V0 + 7
   \   000234   E0           MOVX    A,@DPTR
   \   000235   FA           MOV     R2,A
   \   000236   A3           INC     DPTR
   \   000237   E0           MOVX    A,@DPTR
   \   000238   8023         SJMP    ??MAC_CbackEvent_17
    234                }
    235                else
    236                {
    237                  pScan->result.pPanDescriptor = (macPanDesc_t*) (pScan + 1);
   \                     ??MAC_CbackEvent_16:
   \   00023A   EE           MOV     A,R6
   \   00023B   F0           MOVX    @DPTR,A
   \   00023C   A3           INC     DPTR
   \   00023D   EF           MOV     A,R7
   \   00023E   F0           MOVX    @DPTR,A
    238                  osal_memcpy(pScan + 1, pTmp, sizeof( ZMacPanDesc_t ) * pScan->resultListSize);
   \   00023F                ; Setup parameters for call to function osal_memcpy
   \   00023F   78..         MOV     R0,#?V0 + 0
   \   000241   12....       LCALL   ?PUSH_XSTACK_I_THREE
   \   000244   85..82       MOV     DPL,?V0 + 4
   \   000247   85..83       MOV     DPH,?V0 + 5
   \   00024A   A3           INC     DPTR
   \   00024B   A3           INC     DPTR
   \   00024C   A3           INC     DPTR
   \   00024D   A3           INC     DPTR
   \   00024E   A3           INC     DPTR
   \   00024F   A3           INC     DPTR
   \   000250   A3           INC     DPTR
   \   000251   A3           INC     DPTR
   \   000252   E0           MOVX    A,@DPTR
   \   000253   75F021       MOV     B,#0x21
   \   000256   A4           MUL     AB
   \   000257   FC           MOV     R4,A
   \   000258   ADF0         MOV     R5,B
   \   00025A   EE           MOV     A,R6
   \   00025B   FA           MOV     R2,A
   \   00025C   EF           MOV     A,R7
    239                }
   \                     ??MAC_CbackEvent_17:
   \   00025D   12....       LCALL   ?Subroutine10 & 0xFFFF
   \                     ??CrossCallReturnLabel_25:
   \   000260   12....       LCALL   ?DEALLOC_XSTACK8
    240          
    241                osal_mem_free(pTmp);
   \   000263                ; Setup parameters for call to function osal_mem_free
   \   000263   7404         MOV     A,#0x4
   \   000265   12....       LCALL   ?XSTACK_DISP0_8
   \   000268   E0           MOVX    A,@DPTR
   \   000269   FA           MOV     R2,A
   \   00026A   A3           INC     DPTR
   \   00026B   E0           MOVX    A,@DPTR
   \   00026C   FB           MOV     R3,A
   \   00026D   12....       LCALL   ??osal_mem_free?relay
    242              }
    243            }
    244          
    245            if ( ( pZMac_AppCallback == NULL ) || ( pZMac_AppCallback( (uint8 *)msgPtr ) == FALSE ) )
   \                     ??MAC_CbackEvent_7:
   \   000270   90....       MOV     DPTR,#pZMac_AppCallback
   \   000273   12....       LCALL   ?Subroutine13 & 0xFFFF
   \                     ??CrossCallReturnLabel_21:
   \   000276   6010         JZ      ??MAC_CbackEvent_18
   \   000278                ; Setup parameters for indirect call
   \   000278   AA..         MOV     R2,?V0 + 4
   \   00027A   AB..         MOV     R3,?V0 + 5
   \   00027C   12....       LCALL   ??Subroutine16_0 & 0xFFFF
   \                     ??CrossCallReturnLabel_27:
   \   00027F   12....       LCALL   ?CALL_IND
   \   000282   E9           MOV     A,R1
   \   000283   6003         JZ      $+5
   \   000285   02....       LJMP    ??MAC_CbackEvent_19 & 0xFFFF
    246            {
    247              // Filter out non-zigbee packets
    248              if ( event == MAC_MCPS_DATA_IND )
   \                     ??MAC_CbackEvent_18:
   \   000288   740D         MOV     A,#0xd
   \   00028A   65..         XRL     A,?V0 + 3
   \   00028C   6003         JZ      $+5
   \   00028E   02....       LJMP    ??MAC_CbackEvent_20 & 0xFFFF
    249              {
    250                uint8 fcFrameType = (pData->dataInd.msdu.p[0] & 0x03);
    251                uint8 fcProtoVer = ((pData->dataInd.msdu.p[0] >> 2) & 0x0F);
    252                uint8 fcReserve = (pData->dataInd.msdu.p[1] & 0xE0);
   \   000291   12....       LCALL   ?Subroutine5 & 0xFFFF
   \                     ??CrossCallReturnLabel_10:
   \   000294   F8           MOV     R0,A
   \   000295   A3           INC     DPTR
   \   000296   E0           MOVX    A,@DPTR
   \   000297   F9           MOV     R1,A
   \   000298   8882         MOV     DPL,R0
   \   00029A   8983         MOV     DPH,R1
   \   00029C   A3           INC     DPTR
   \   00029D   E0           MOVX    A,@DPTR
   \   00029E   54E0         ANL     A,#0xe0
   \   0002A0   FA           MOV     R2,A
    253                if ( (fcFrameType > 0x01) || (fcProtoVer != _NIB.nwkProtocolVersion) || (fcReserve != 0)
    254                    || (pData->dataInd.mac.srcAddr.addrMode != SADDR_MODE_SHORT) )
   \   0002A1   8882         MOV     DPL,R0
   \   0002A3   8983         MOV     DPH,R1
   \   0002A5   E0           MOVX    A,@DPTR
   \   0002A6   5403         ANL     A,#0x3
   \   0002A8   C3           CLR     C
   \   0002A9   9402         SUBB    A,#0x2
   \   0002AB   4003         JC      $+5
   \   0002AD   02....       LJMP    ??MAC_CbackEvent_3 & 0xFFFF
   \   0002B0   E0           MOVX    A,@DPTR
   \   0002B1   13           RRC     A
   \   0002B2   13           RRC     A
   \   0002B3   543F         ANL     A,#0x3f
   \   0002B5   540F         ANL     A,#0xf
   \   0002B7   F8           MOV     R0,A
   \   0002B8   90....       MOV     DPTR,#_NIB + 17
   \   0002BB   E0           MOVX    A,@DPTR
   \   0002BC   68           XRL     A,R0
   \   0002BD   6003         JZ      $+5
   \   0002BF   02....       LJMP    ??MAC_CbackEvent_3 & 0xFFFF
   \   0002C2   EA           MOV     A,R2
   \   0002C3   6003         JZ      $+5
   \   0002C5   02....       LJMP    ??MAC_CbackEvent_3 & 0xFFFF
   \   0002C8   85..82       MOV     DPL,?XSP + 0
   \   0002CB   85..83       MOV     DPH,?XSP + 1
   \   0002CE   E0           MOVX    A,@DPTR
   \   0002CF   241A         ADD     A,#0x1a
   \   0002D1   12....       LCALL   ?Subroutine2 & 0xFFFF
   \                     ??CrossCallReturnLabel_2:
   \   0002D4   6402         XRL     A,#0x2
   \   0002D6   6003         JZ      $+5
   \   0002D8   02....       LJMP    ??MAC_CbackEvent_3 & 0xFFFF
    255                {
    256                  // Drop the message
    257                  mac_msg_deallocate( (uint8 **)&pData );
    258                  return;
    259                }
    260                else
    261                {
    262                  macDataInd_t *pInd = &msgPtr->dataInd.mac;
   \   0002DB   E5..         MOV     A,?V0 + 4
   \   0002DD   2412         ADD     A,#0x12
   \   0002DF   F8           MOV     R0,A
   \   0002E0   E5..         MOV     A,?V0 + 5
   \   0002E2   3400         ADDC    A,#0x0
   \   0002E4   F9           MOV     R1,A
    263                  // See if LQI needs adjustment due to frame correlation
    264                  ZMacLqiAdjust( pInd->correlation, &pInd->mpduLinkQuality );
   \   0002E5                ; Setup parameters for call to function ZMacLqiAdjust
   \   0002E5   E8           MOV     A,R0
   \   0002E6   241C         ADD     A,#0x1c
   \   0002E8   FA           MOV     R2,A
   \   0002E9   E9           MOV     A,R1
   \   0002EA   3400         ADDC    A,#0x0
   \   0002EC   FB           MOV     R3,A
   \   0002ED   E8           MOV     A,R0
   \   0002EE   241D         ADD     A,#0x1d
   \   0002F0   F582         MOV     DPL,A
   \   0002F2   E9           MOV     A,R1
   \   0002F3   12....       LCALL   ?Subroutine9 & 0xFFFF
    265          
    266                  // Look for broadcast message that has a radius of greater 1
    267                  if ( (pData->dataInd.mac.dstAddr.addr.shortAddr == 0xFFFF)
    268                         && (pData->dataInd.msdu.p[6] > 1) )
   \                     ??CrossCallReturnLabel_15:
   \   0002F6   85..82       MOV     DPL,?XSP + 0
   \   0002F9   85..83       MOV     DPH,?XSP + 1
   \   0002FC   E0           MOVX    A,@DPTR
   \   0002FD   241B         ADD     A,#0x1b
   \   0002FF   12....       LCALL   ?Subroutine2 & 0xFFFF
   \                     ??CrossCallReturnLabel_3:
   \   000302   F4           CPL     A
   \   000303   7003         JNZ     ??MAC_CbackEvent_21
   \   000305   A3           INC     DPTR
   \   000306   E0           MOVX    A,@DPTR
   \   000307   F4           CPL     A
   \                     ??MAC_CbackEvent_21:
   \   000308   7052         JNZ     ??CrossCallReturnLabel_16
   \   00030A   12....       LCALL   ?Subroutine6 & 0xFFFF
   \                     ??CrossCallReturnLabel_12:
   \   00030D   12....       LCALL   ?Subroutine4 & 0xFFFF
   \                     ??CrossCallReturnLabel_8:
   \   000310   E0           MOVX    A,@DPTR
   \   000311   C3           CLR     C
   \   000312   9402         SUBB    A,#0x2
   \   000314   4046         JC      ??CrossCallReturnLabel_16
    269                  {
    270                    // Send the messsage to a special broadcast queue
    271                    if ( nwk_broadcastSend( (uint8 *)msgPtr ) != SUCCESS )
   \   000316                ; Setup parameters for call to function nwk_broadcastSend
   \   000316   AA..         MOV     R2,?V0 + 4
   \   000318   AB..         MOV     R3,?V0 + 5
   \   00031A   12....       LCALL   ??nwk_broadcastSend?relay
   \   00031D   E9           MOV     A,R1
   \   00031E   6003         JZ      $+5
   \   000320   02....       LJMP    ??MAC_CbackEvent_3 & 0xFFFF
   \   000323   8051         SJMP    ??MAC_CbackEvent_0
    272                    {
    273                      // Drop the message, too many broadcast messages to process
    274                      mac_msg_deallocate( (uint8 **)&pData );
    275                    }
    276                    return;
    277                  }
    278                }
    279              }
    280              else if ((event == MAC_MCPS_DATA_CNF) && (pData->hdr.status != MAC_NO_RESOURCES))
   \                     ??MAC_CbackEvent_20:
   \   000325   740C         MOV     A,#0xc
   \   000327   65..         XRL     A,?V0 + 3
   \   000329   7031         JNZ     ??CrossCallReturnLabel_16
   \   00032B   12....       LCALL   ?Subroutine7 & 0xFFFF
   \                     ??CrossCallReturnLabel_30:
   \   00032E   A3           INC     DPTR
   \   00032F   E0           MOVX    A,@DPTR
   \   000330   641A         XRL     A,#0x1a
   \   000332   6028         JZ      ??CrossCallReturnLabel_16
    281              {
    282                macMcpsDataCnf_t *pCnf = &msgPtr->dataCnf;
    283                
    284                if (pCnf->pDataReq->internal.txOptions & MAC_TXOPTION_ACK)
   \   000334   85..82       MOV     DPL,?V0 + 4
   \   000337   85..83       MOV     DPH,?V0 + 5
   \   00033A   A3           INC     DPTR
   \   00033B   A3           INC     DPTR
   \   00033C   A3           INC     DPTR
   \   00033D   E0           MOVX    A,@DPTR
   \   00033E   240E         ADD     A,#0xe
   \   000340   12....       LCALL   ?Subroutine2 & 0xFFFF
   \                     ??CrossCallReturnLabel_4:
   \   000343   A2E0         MOV     C,0xE0 /* A   */.0
   \   000345   5015         JNC     ??CrossCallReturnLabel_16
    285                {
    286                  // See if LQI needs adjustment due to frame correlation
    287                  ZMacLqiAdjust( pCnf->correlation, &pCnf->mpduLinkQuality );
   \   000347                ; Setup parameters for call to function ZMacLqiAdjust
   \   000347   E5..         MOV     A,?V0 + 4
   \   000349   240C         ADD     A,#0xc
   \   00034B   FA           MOV     R2,A
   \   00034C   E5..         MOV     A,?V0 + 5
   \   00034E   3400         ADDC    A,#0x0
   \   000350   FB           MOV     R3,A
   \   000351   E5..         MOV     A,?V0 + 4
   \   000353   240D         ADD     A,#0xd
   \   000355   F582         MOV     DPL,A
   \   000357   E5..         MOV     A,?V0 + 5
   \   000359   12....       LCALL   ?Subroutine9 & 0xFFFF
    288                }
    289              }
    290          
    291              // Application hasn't already processed this message. Send it to NWK task.
    292              osal_msg_send( NWK_TaskID, (uint8 *)msgPtr );
   \                     ??CrossCallReturnLabel_16:
   \   00035C                ; Setup parameters for call to function osal_msg_send
   \   00035C   AA..         MOV     R2,?V0 + 4
   \   00035E   AB..         MOV     R3,?V0 + 5
   \   000360   90....       MOV     DPTR,#NWK_TaskID
   \   000363   E0           MOVX    A,@DPTR
   \   000364   F9           MOV     R1,A
   \   000365   12....       LCALL   ??osal_msg_send?relay
    293            }
    294          
    295            if ((event == MAC_MCPS_DATA_CNF) && (pData->dataCnf.pDataReq != NULL))
   \                     ??MAC_CbackEvent_19:
   \   000368   740C         MOV     A,#0xc
   \   00036A   65..         XRL     A,?V0 + 3
   \   00036C   7008         JNZ     ??MAC_CbackEvent_0
   \   00036E   12....       LCALL   ?Subroutine1 & 0xFFFF
   \                     ??CrossCallReturnLabel_1:
   \   000371   6003         JZ      ??MAC_CbackEvent_0
    296            {
    297              // If the application needs 'pDataReq' then we cannot free it here.
    298              // The application must free it after using it. Note that 'pDataReq'
    299              // is of macMcpsDataReq_t (and not ZMacDataReq_t) type.
    300          
    301              mac_msg_deallocate( (uint8**)&(pData->dataCnf.pDataReq) );
   \   000373                ; Setup parameters for call to function mac_msg_deallocate
   \                     ??MAC_CbackEvent_6:
   \   000373   12....       LCALL   ??mac_msg_deallocate?relay
   \                     ??MAC_CbackEvent_0:
   \   000376   7406         MOV     A,#0x6
   \   000378   12....       LCALL   ?DEALLOC_XSTACK8
   \   00037B   7F08         MOV     R7,#0x8
   \   00037D   02....       LJMP    ?BANKED_LEAVE_XDATA
   \   000380                REQUIRE _A_IEN0
    302            }
    303          #endif
    304          }

   \                                 In  segment BANKED_CODE, align 1, keep-with-next
   \                     ?Subroutine10:
   \   000000   FB           MOV     R3,A
   \   000001                REQUIRE ??Subroutine14_0
   \   000001                ; // Fall through to label ??Subroutine14_0

   \                                 In  segment BANKED_CODE, align 1, keep-with-next
   \                     ??Subroutine14_0:
   \   000000   12....       LCALL   ??osal_memcpy?relay
   \   000003   7403         MOV     A,#0x3
   \   000005   22           RET

   \                                 In  segment BANKED_CODE, align 1, keep-with-next
   \                     ?Subroutine9:
   \   000000   3400         ADDC    A,#0x0
   \   000002   F583         MOV     DPH,A
   \   000004   E0           MOVX    A,@DPTR
   \   000005   F9           MOV     R1,A
   \   000006   12....       LCALL   ??ZMacLqiAdjust?relay
   \   000009   22           RET

   \                                 In  segment BANKED_CODE, align 1, keep-with-next
   \                     ?Subroutine8:
   \   000000   12....       LCALL   ?Subroutine12 & 0xFFFF
   \                     ??CrossCallReturnLabel_19:
   \   000003   78..         MOV     R0,#?V0 + 0
   \   000005   22           RET

   \                                 In  segment BANKED_CODE, align 1, keep-with-next
   \                     ?Subroutine12:
   \   000000   E0           MOVX    A,@DPTR
   \   000001   F5..         MOV     ?V0 + 0,A
   \   000003   A3           INC     DPTR
   \   000004   E0           MOVX    A,@DPTR
   \   000005   F5..         MOV     ?V0 + 1,A
   \   000007   22           RET

   \                                 In  segment BANKED_CODE, align 1, keep-with-next
   \                     ?Subroutine7:
   \   000000   85..82       MOV     DPL,?XSP + 0
   \   000003   85..83       MOV     DPH,?XSP + 1
   \   000006   E0           MOVX    A,@DPTR
   \   000007   F8           MOV     R0,A
   \   000008                REQUIRE ??Subroutine15_0
   \   000008                ; // Fall through to label ??Subroutine15_0

   \                                 In  segment BANKED_CODE, align 1, keep-with-next
   \                     ??Subroutine15_0:
   \   000000   A3           INC     DPTR
   \   000001                REQUIRE ??Subroutine16_0
   \   000001                ; // Fall through to label ??Subroutine16_0

   \                                 In  segment BANKED_CODE, align 1, keep-with-next
   \                     ??Subroutine16_0:
   \   000000   E0           MOVX    A,@DPTR
   \   000001   F583         MOV     DPH,A
   \   000003   8882         MOV     DPL,R0
   \   000005   22           RET

   \                                 In  segment BANKED_CODE, align 1, keep-with-next
   \                     ?Subroutine6:
   \   000000   12....       LCALL   ?Subroutine11 & 0xFFFF
   \                     ??CrossCallReturnLabel_33:
   \   000003   22           RET

   \                                 In  segment BANKED_CODE, align 1, keep-with-next
   \                     ?Subroutine11:
   \   000000   85..82       MOV     DPL,?XSP + 0
   \   000003   85..83       MOV     DPH,?XSP + 1
   \   000006                REQUIRE ??Subroutine17_0
   \   000006                ; // Fall through to label ??Subroutine17_0

   \                                 In  segment BANKED_CODE, align 1, keep-with-next
   \                     ??Subroutine17_0:
   \   000000   E0           MOVX    A,@DPTR
   \   000001   F8           MOV     R0,A
   \   000002   A3           INC     DPTR
   \   000003   E0           MOVX    A,@DPTR
   \   000004   F583         MOV     DPH,A
   \   000006   8882         MOV     DPL,R0
   \   000008   A3           INC     DPTR
   \   000009   A3           INC     DPTR
   \   00000A   22           RET

   \                                 In  segment BANKED_CODE, align 1, keep-with-next
   \                     ?Subroutine5:
   \   000000   12....       LCALL   ?Subroutine11 & 0xFFFF
   \                     ??CrossCallReturnLabel_32:
   \   000003   E0           MOVX    A,@DPTR
   \   000004   22           RET

   \                                 In  segment BANKED_CODE, align 1, keep-with-next
   \                     ?Subroutine4:
   \   000000   12....       LCALL   ??Subroutine17_0 & 0xFFFF
   \                     ??CrossCallReturnLabel_31:
   \   000003   A3           INC     DPTR
   \   000004   A3           INC     DPTR
   \   000005   A3           INC     DPTR
   \   000006   A3           INC     DPTR
   \   000007   22           RET

   \                                 In  segment BANKED_CODE, align 1, keep-with-next
   \                     ?Subroutine3:
   \   000000   E0           MOVX    A,@DPTR
   \   000001   FA           MOV     R2,A
   \   000002   A3           INC     DPTR
   \   000003   E0           MOVX    A,@DPTR
   \   000004   FB           MOV     R3,A
   \   000005   12....       LCALL   ??osal_msg_allocate?relay
   \   000008   8A..         MOV     ?V0 + 4,R2
   \   00000A   8B..         MOV     ?V0 + 5,R3
   \   00000C   EA           MOV     A,R2
   \   00000D   45..         ORL     A,?V0 + 5
   \   00000F   22           RET

   \                                 In  segment BANKED_CODE, align 1, keep-with-next
   \                     ?Subroutine2:
   \   000000   F8           MOV     R0,A
   \   000001   A3           INC     DPTR
   \   000002   E0           MOVX    A,@DPTR
   \   000003   3400         ADDC    A,#0x0
   \   000005   F9           MOV     R1,A
   \   000006   8882         MOV     DPL,R0
   \   000008   8983         MOV     DPH,R1
   \   00000A   E0           MOVX    A,@DPTR
   \   00000B   22           RET

   \                                 In  segment BANKED_CODE, align 1, keep-with-next
   \                     ?Subroutine1:
   \   000000   85..82       MOV     DPL,?XSP + 0
   \   000003   85..83       MOV     DPH,?XSP + 1
   \   000006   E0           MOVX    A,@DPTR
   \   000007   2403         ADD     A,#0x3
   \   000009   FA           MOV     R2,A
   \   00000A   A3           INC     DPTR
   \   00000B   E0           MOVX    A,@DPTR
   \   00000C   3400         ADDC    A,#0x0
   \   00000E   FB           MOV     R3,A
   \   00000F   8A82         MOV     DPL,R2
   \   000011   8B83         MOV     DPH,R3
   \   000013   12....       LCALL   ?Subroutine13 & 0xFFFF
   \                     ??CrossCallReturnLabel_22:
   \   000016   22           RET

   \                                 In  segment BANKED_CODE, align 1, keep-with-next
   \                     ?Subroutine13:
   \   000000   E0           MOVX    A,@DPTR
   \   000001   F8           MOV     R0,A
   \   000002   A3           INC     DPTR
   \   000003   E0           MOVX    A,@DPTR
   \   000004   F9           MOV     R1,A
   \   000005   E8           MOV     A,R0
   \   000006   49           ORL     A,R1
   \   000007   22           RET
    305          #else  // ifdef MT_MAC_CB_FUNC
    306          {
    307            /* Check if MT has subscribed for this callback If so, pass it as an event to MonitorTest */
    308            switch (pData->hdr.event)
    309            {
    310              case MAC_MLME_ASSOCIATE_IND:
    311                if ( _macCallbackSub & CB_ID_NWK_ASSOCIATE_IND )
    312                  nwk_MTCallbackSubNwkAssociateInd ( (ZMacAssociateInd_t *)pData );
    313                break;
    314          
    315              case MAC_MLME_ASSOCIATE_CNF:
    316                if ( _macCallbackSub & CB_ID_NWK_ASSOCIATE_CNF )
    317                  nwk_MTCallbackSubNwkAssociateCnf ( (ZMacAssociateCnf_t *)pData );
    318                break;
    319          
    320              case MAC_MLME_DISASSOCIATE_IND:
    321                if ( _macCallbackSub & CB_ID_NWK_DISASSOCIATE_IND )
    322                  nwk_MTCallbackSubNwkDisassociateInd ( (ZMacDisassociateInd_t *)pData );
    323                break;
    324          
    325              case MAC_MLME_DISASSOCIATE_CNF:
    326                if ( _macCallbackSub & CB_ID_NWK_DISASSOCIATE_CNF )
    327                  nwk_MTCallbackSubNwkDisassociateCnf ( (ZMacDisassociateCnf_t *)pData );
    328                break;
    329          
    330              case MAC_MLME_BEACON_NOTIFY_IND:
    331                if ( _macCallbackSub & CB_ID_NWK_BEACON_NOTIFY_IND )
    332                  nwk_MTCallbackSubNwkBeaconNotifyInd( (ZMacBeaconNotifyInd_t *)pData );
    333                break;
    334          
    335              case MAC_MLME_ORPHAN_IND:
    336                if ( _macCallbackSub & CB_ID_NWK_ORPHAN_IND )
    337                  nwk_MTCallbackSubNwkOrphanInd( (ZMacOrphanInd_t *) pData );
    338                break;
    339          
    340              case MAC_MLME_SCAN_CNF:
    341                if ( _macCallbackSub & CB_ID_NWK_SCAN_CNF )
    342                {
    343                  pData->scanCnf.result.pEnergyDetect = ZMac_ScanBuf;
    344                  nwk_MTCallbackSubNwkScanCnf ( (ZMacScanCnf_t *) pData );
    345                }
    346          
    347                if (ZMac_ScanBuf != NULL)
    348                {
    349                  void *pTmp = ZMac_ScanBuf;
    350                  ZMac_ScanBuf = NULL;
    351                  osal_mem_free(pTmp);
    352                }
    353                break;
    354          
    355              case MAC_MLME_START_CNF:
    356                if ( _macCallbackSub & CB_ID_NWK_START_CNF )
    357                  nwk_MTCallbackSubNwkStartCnf ( pData->hdr.status );
    358                break;
    359          
    360              case MAC_MLME_SYNC_LOSS_IND:
    361                if ( _macCallbackSub & CB_ID_NWK_SYNC_LOSS_IND )
    362                 nwk_MTCallbackSubNwkSyncLossInd( (ZMacSyncLossInd_t *) pData );
    363                break;
    364          
    365              case MAC_MLME_POLL_CNF:
    366                if ( _macCallbackSub & CB_ID_NWK_POLL_CNF )
    367                   nwk_MTCallbackSubNwkPollCnf( pData->hdr.status );
    368                break;
    369          
    370              case MAC_MLME_COMM_STATUS_IND:
    371                if ( _macCallbackSub & CB_ID_NWK_COMM_STATUS_IND )
    372                  nwk_MTCallbackSubCommStatusInd ( (ZMacCommStatusInd_t *) pData );
    373                break;
    374          
    375              case MAC_MCPS_DATA_CNF:
    376                if (pData->dataCnf.pDataReq != NULL)
    377                  mac_msg_deallocate((uint8**)&pData->dataCnf.pDataReq);
    378          
    379                if ( _macCallbackSub & CB_ID_NWK_DATA_CNF )
    380                  nwk_MTCallbackSubNwkDataCnf( (ZMacDataCnf_t *) pData );
    381                break;
    382          
    383              case MAC_MCPS_DATA_IND:
    384                {
    385                  /*
    386                     Data Ind is unconventional: to save an alloc/copy, reuse the MAC
    387                     buffer and re-organize the contents into ZMAC format.
    388                  */
    389                  ZMacDataInd_t *pDataInd = (ZMacDataInd_t *) pData;
    390                  uint8 event, status, len, *msdu;
    391          
    392                  /* Store parameters */
    393                  event = pData->hdr.event;
    394                  status = pData->hdr.status;
    395                  len = pData->dataInd.msdu.len;
    396                  msdu = pData->dataInd.msdu.p;
    397          
    398                  /* Copy security fields */
    399                  osal_memcpy(&pDataInd->Sec, &pData->dataInd.sec, sizeof(ZMacSec_t));
    400                  
    401                  /* Copy mac fields one by one since the two buffers overlap. */
    402                  osal_memcpy(&pDataInd->SrcAddr, &pData->dataInd.mac.srcAddr, sizeof(zAddrType_t));
    403                  osal_memcpy(&pDataInd->DstAddr, &pData->dataInd.mac.dstAddr, sizeof(zAddrType_t));
    404                  pDataInd->Timestamp = pData->dataInd.mac.timestamp;
    405                  pDataInd->Timestamp2 = pData->dataInd.mac.timestamp2;
    406                  pDataInd->SrcPANId = pData->dataInd.mac.srcPanId;
    407                  pDataInd->DstPANId = pData->dataInd.mac.dstPanId;
    408                  pDataInd->mpduLinkQuality = pData->dataInd.mac.mpduLinkQuality;
    409                  pDataInd->Correlation = pData->dataInd.mac.correlation;
    410                  pDataInd->Rssi = pData->dataInd.mac.rssi;
    411                  pDataInd->Dsn = pData->dataInd.mac.dsn;
    412          
    413                  /* Restore parameters */
    414                  pDataInd->hdr.Status = status;
    415                  pDataInd->hdr.Event = event;
    416                  pDataInd->msduLength = len;
    417          
    418                  if (len)
    419                    pDataInd->msdu = msdu;
    420                  else
    421                    pDataInd->msdu = NULL;
    422          
    423                  if ( _macCallbackSub & CB_ID_NWK_DATA_IND )
    424                    nwk_MTCallbackSubNwkDataInd ( pDataInd );
    425                }
    426          
    427                /* free buffer */
    428                mac_msg_deallocate( (uint8 **)&pData );
    429                break;
    430          
    431              case MAC_MCPS_PURGE_CNF:
    432                if ( _macCallbackSub & CB_ID_NWK_PURGE_CNF )
    433                  nwk_MTCallbackSubNwkPurgeCnf( (ZMacPurgeCnf_t *) pData);
    434                break;
    435          
    436              default:
    437                break;
    438            }
    439          }
    440          #endif
    441          
    442          /********************************************************************************************************
    443           * @fn      MAC_CbackCheckPending
    444           *
    445           * @brief   Return number of pending indirect msg
    446           *
    447           * @param   None
    448           *
    449           * @return  Number of indirect msg holding
    450           ********************************************************************************************************/

   \                                 In  segment BANKED_CODE, align 1, keep-with-next
    451          uint8 MAC_CbackCheckPending(void)
   \                     MAC_CbackCheckPending:
    452          {
   \   000000   C082         PUSH    DPL
   \   000002   C083         PUSH    DPH
   \   000004                ; Saved register size: 2
   \   000004                ; Auto size: 0
    453          #if !defined (NONWK)
    454            if ( ZSTACK_ROUTER_BUILD )
    455            {
    456              return (nwkDB_ReturnIndirectHoldingCnt());
   \   000004                ; Setup parameters for call to function nwkDB_ReturnIndirectHoldingCnt
   \   000004   12....       LCALL   ??nwkDB_ReturnIndirectHoldingCnt?relay
   \   000007                REQUIRE ?Subroutine0
   \   000007                ; // Fall through to label ?Subroutine0
    457            }
    458            else
    459            {
    460              return (0);
    461            }
    462          #else
    463            return (0);
    464          #endif
    465          }

   \                                 In  segment BANKED_CODE, align 1, keep-with-next
   \                     ?Subroutine0:
   \   000000   D083         POP     DPH
   \   000002   D082         POP     DPL
   \   000004   02....       LJMP    ?BRET
    466          
    467          /********************************************************************************************************
    468           * @fn      ZMacLqiAdjustMode
    469           *
    470           * @brief   Sets/return LQI adjust mode
    471           *
    472           * @param   mode - LQI_ADJ_GET = return current mode only
    473           *                 LQI_ADJ_OFF = disable LQI adjusts
    474           *                 LQI_ADJ_MODEx = set to LQI adjust MODEx
    475           *
    476           * @return  current LQI adjust mode
    477           ********************************************************************************************************/

   \                                 In  segment BANKED_CODE, align 1, keep-with-next
    478          ZMacLqiAdjust_t ZMacLqiAdjustMode( ZMacLqiAdjust_t mode )
   \                     ZMacLqiAdjustMode:
    479          {
   \   000000   C082         PUSH    DPL
   \   000002   C083         PUSH    DPH
   \   000004                ; Saved register size: 2
   \   000004                ; Auto size: 0
   \   000004   E9           MOV     A,R1
   \   000005   F8           MOV     R0,A
    480            if ( mode != LQI_ADJ_GET )
   \   000006   74FF         MOV     A,#-0x1
   \   000008   68           XRL     A,R0
   \   000009   6005         JZ      ??ZMacLqiAdjustMode_0
    481            {
    482              lqiAdjMode = mode;
   \   00000B   E8           MOV     A,R0
   \   00000C   90....       MOV     DPTR,#lqiAdjMode
   \   00000F   F0           MOVX    @DPTR,A
    483            }
    484            return ( lqiAdjMode );
   \                     ??ZMacLqiAdjustMode_0:
   \   000010   90....       MOV     DPTR,#lqiAdjMode
   \   000013   E0           MOVX    A,@DPTR
   \   000014   F9           MOV     R1,A
   \   000015   80..         SJMP    ?Subroutine0
    485          }
    486          
    487          #if !defined NONWK
    488          /********************************************************************************************************
    489           * @fn      ZMacLqiAdjust
    490           *
    491           * @brief   Adjust LQI according to correlation value
    492           *
    493           * @notes - the IEEE 802.15.4 specification provides some general statements on
    494           *          the subject of LQI. Section 6.7.8: "The minimum and maximum LQI values
    495           *          (0x00 and 0xFF) should be associated with the lowest and highest IEEE
    496           *          802.15.4 signals detectable by the receiver, and LQ values should be
    497           *          uniformly distributed between these two limits." Section E.2.3: "The
    498           *          LQI (see 6.7.8) measures the received energy and/or SNR for each
    499           *          received packet. When energy level and SNR information are combined,
    500           *          they can indicate whether a corrupt packet resulted from low signal
    501           *          strength or from high signal strength plus interference."
    502           *        - LQI Adjustment Mode1 provided below is a simple algorithm to use the
    503           *          packet correlation value (related to SNR) to scale incoming LQI value
    504           *          (related to signal strength) to 'derate' noisy packets.
    505           *        - LQI Adjustment Mode2 provided below is a location for a developer to
    506           *          implement their own proprietary LQI adjustment algorithm.
    507           *
    508           * @param   corr - packet correlation value
    509           * @param   lqi  - ptr to link quality (scaled rssi)
    510           *
    511           * @return  *lqi - adjusted link quality
    512           ********************************************************************************************************/

   \                                 In  segment BANKED_CODE, align 1, keep-with-next
    513          static void ZMacLqiAdjust( uint8 corr, uint8 *lqi )
   \                     ZMacLqiAdjust:
    514          {
   \   000000   74F6         MOV     A,#-0xa
   \   000002   12....       LCALL   ?BANKED_ENTER_XDATA
   \   000005                ; Saved register size: 10
   \   000005                ; Auto size: 0
   \   000005   E9           MOV     A,R1
   \   000006   FE           MOV     R6,A
   \   000007   EA           MOV     A,R2
   \   000008   FC           MOV     R4,A
   \   000009   EB           MOV     A,R3
   \   00000A   FD           MOV     R5,A
    515            if ( lqiAdjMode != LQI_ADJ_OFF )
   \   00000B   90....       MOV     DPTR,#lqiAdjMode
   \   00000E   E0           MOVX    A,@DPTR
   \   00000F   6054         JZ      ??ZMacLqiAdjust_0
    516            {
    517              uint16 adjLqi = *lqi;
   \   000011   8C82         MOV     DPL,R4
   \   000013   8D83         MOV     DPH,R5
   \   000015   E0           MOVX    A,@DPTR
   \   000016   F8           MOV     R0,A
   \   000017   7900         MOV     R1,#0x0
    518          
    519              // Keep correlation within theoretical limits
    520              if ( corr < LQI_CORR_MIN )
   \   000019   EE           MOV     A,R6
   \   00001A   C3           CLR     C
   \   00001B   9432         SUBB    A,#0x32
   \   00001D   5004         JNC     ??ZMacLqiAdjust_1
    521              {
    522                 corr = LQI_CORR_MIN;
   \   00001F   7E32         MOV     R6,#0x32
   \   000021   8008         SJMP    ??ZMacLqiAdjust_2
    523              }
    524              else if ( corr > LQI_CORR_MAX )
   \                     ??ZMacLqiAdjust_1:
   \   000023   EE           MOV     A,R6
   \   000024   C3           CLR     C
   \   000025   946F         SUBB    A,#0x6f
   \   000027   4002         JC      ??ZMacLqiAdjust_2
    525              {
    526                 corr = LQI_CORR_MAX;
   \   000029   7E6E         MOV     R6,#0x6e
    527              }
    528          
    529              if ( lqiAdjMode == LQI_ADJ_MODE1 )
   \                     ??ZMacLqiAdjust_2:
   \   00002B   90....       MOV     DPTR,#lqiAdjMode
   \   00002E   E0           MOVX    A,@DPTR
   \   00002F   6401         XRL     A,#0x1
   \   000031   7022         JNZ     ??ZMacLqiAdjust_3
    530              {
    531                /* MODE1 - linear scaling of incoming LQI with a "correlation percentage"
    532                           which is computed from the incoming correlation value between
    533                           theorectical minimum/maximum values. This is a very simple way
    534                           of 'derating' the incoming LQI as correlation value drops. */
    535                adjLqi = (adjLqi * (corr - LQI_CORR_MIN)) / (LQI_CORR_MAX - LQI_CORR_MIN);
   \   000033   8E..         MOV     ?V0 + 0,R6
   \   000035   E5..         MOV     A,?V0 + 0
   \   000037   24CE         ADD     A,#-0x32
   \   000039   F5..         MOV     ?V0 + 0,A
   \   00003B   E4           CLR     A
   \   00003C   34FF         ADDC    A,#-0x1
   \   00003E   F5..         MOV     ?V0 + 1,A
   \   000040   E8           MOV     A,R0
   \   000041   85..F0       MOV     B,?V0 + 0
   \   000044   A4           MUL     AB
   \   000045   C8           XCH     A,R0
   \   000046   AAF0         MOV     R2,B
   \   000048   85..F0       MOV     B,?V0 + 1
   \   00004B   A4           MUL     AB
   \   00004C   2A           ADD     A,R2
   \   00004D   F9           MOV     R1,A
   \   00004E   7A3C         MOV     R2,#0x3c
   \   000050   7B00         MOV     R3,#0x0
   \   000052   12....       LCALL   ?US_DIV_MOD
    536              }
    537              else if ( lqiAdjMode == LQI_ADJ_MODE2 )
    538              {
    539                /* MODE2 - location for developer to implement a proprietary algorithm */
    540              }
    541          
    542              // Replace incoming LQI with scaled value
    543              *lqi = (adjLqi > 255) ? 255 : (uint8)adjLqi;
   \                     ??ZMacLqiAdjust_3:
   \   000055   C3           CLR     C
   \   000056   E9           MOV     A,R1
   \   000057   9401         SUBB    A,#0x1
   \   000059   4004         JC      ??ZMacLqiAdjust_4
   \   00005B   74FF         MOV     A,#-0x1
   \   00005D   8001         SJMP    ??ZMacLqiAdjust_5
   \                     ??ZMacLqiAdjust_4:
   \   00005F   E8           MOV     A,R0
   \                     ??ZMacLqiAdjust_5:
   \   000060   8C82         MOV     DPL,R4
   \   000062   8D83         MOV     DPH,R5
   \   000064   F0           MOVX    @DPTR,A
    544            }
    545          }
   \                     ??ZMacLqiAdjust_0:
   \   000065   7F02         MOV     R7,#0x2
   \   000067   02....       LJMP    ?BANKED_LEAVE_XDATA

   \                                 In  segment BANK_RELAYS, align 1
   \                     ??MAC_CbackEvent?relay:
   \   000000   12....       LCALL   ?BDISPATCH
   \   000003   ......       DC24    MAC_CbackEvent

   \                                 In  segment BANK_RELAYS, align 1
   \                     ??MAC_CbackCheckPending?relay:
   \   000000   12....       LCALL   ?BDISPATCH
   \   000003   ......       DC24    MAC_CbackCheckPending

   \                                 In  segment BANK_RELAYS, align 1
   \                     ??ZMacLqiAdjustMode?relay:
   \   000000   12....       LCALL   ?BDISPATCH
   \   000003   ......       DC24    ZMacLqiAdjustMode

   \                                 In  segment BANK_RELAYS, align 1
   \                     ??ZMacLqiAdjust?relay:
   \   000000   12....       LCALL   ?BDISPATCH
   \   000003   ......       DC24    ZMacLqiAdjust
    546          #endif

   Maximum stack usage in bytes:

     Function                       ISTACK PSTACK XSTACK
     --------                       ------ ------ ------
     MAC_CbackCheckPending              2      0      0
       -> nwkDB_ReturnIndirectHoldingCnt
                                        4      0      0
     MAC_CbackEvent                     0      0     25
       -> MAC_MlmeGetReq                0      0     44
       -> mac_msg_deallocate            0      0     44
       -> osal_msg_allocate             0      0     44
       -> mac_msg_deallocate            0      0     44
       -> osal_msg_allocate             0      0     44
       -> osal_memcpy                   0      0     50
       -> osal_memcpy                   0      0     50
       -> osal_memcpy                   0      0     50
       -> osal_memcpy                   0      0     50
       -> osal_memcpy                   0      0     50
       -> osal_mem_free                 0      0     44
       -> ZMacLqiAdjust                 0      0     44
       -> nwk_broadcastSend             0      0     44
       -> ZMacLqiAdjust                 0      0     44
       -> osal_msg_send                 0      0     44
       -> mac_msg_deallocate            0      0     44
     ZMacLqiAdjust                      1      0     32
     ZMacLqiAdjustMode                  2      0      0


   Segment part sizes:

     Function/Label                Bytes
     --------------                -----
     _A_IEN0                          1
     zmacCBSizeTable                 17
     lqiAdjMode                       1
     pZMac_AppCallback                2
     MAC_CbackEvent                 896
     ?Subroutine10                    1
     ??Subroutine14_0                 6
     ?Subroutine9                    10
     ?Subroutine8                     6
     ?Subroutine12                    8
     ?Subroutine7                     8
     ??Subroutine15_0                 1
     ??Subroutine16_0                 6
     ?Subroutine6                     4
     ?Subroutine11                    6
     ??Subroutine17_0                11
     ?Subroutine5                     5
     ?Subroutine4                     8
     ?Subroutine3                    16
     ?Subroutine2                    12
     ?Subroutine1                    23
     ?Subroutine13                    8
     MAC_CbackCheckPending            7
     ?Subroutine0                     7
     ZMacLqiAdjustMode               23
     ZMacLqiAdjust                  106
     ??MAC_CbackEvent?relay           6
     ??MAC_CbackCheckPending?relay    6
     ??ZMacLqiAdjustMode?relay        6
     ??ZMacLqiAdjust?relay            6

 
 1 178 bytes in segment BANKED_CODE
    24 bytes in segment BANK_RELAYS
    17 bytes in segment CODE_C
     1 byte  in segment SFR_AN
     3 bytes in segment XDATA_Z
 
 1 219 bytes of CODE  memory
     0 bytes of DATA  memory (+ 1 byte shared)
     3 bytes of XDATA memory

Errors: none
Warnings: none
