###############################################################################
#                                                                             #
# IAR C/C++ Compiler V8.10.1.40194/W32 for 8051         25/Dec/2013  17:56:23 #
# Copyright 2004-2011 IAR Systems AB.                                         #
#                                                                             #
#    Core               =  plain                                              #
#    Code model         =  banked                                             #
#    Data model         =  large                                              #
#    Calling convention =  xdata reentrant                                    #
#    Constant location  =  data_rom                                           #
#    Dptr setup         =  1,16                                               #
#    Source file        =  E:\wise-house\Projects\zstack\ZMain\TI2530DB\ZMain #
#                          .c                                                 #
#    Command line       =  -f E:\wise-house\Projects\zstack\Samples\WSN_senso #
#                          rs\CC2530DB\..\..\..\Tools\CC2530DB\f8wCoord.cfg   #
#                          (-DCPU32MHZ -DROOT=__near_func                     #
#                          -DMAC_CFG_APP_PENDING_QUEUE=TRUE                   #
#                          -DMAC_CFG_TX_DATA_MAX=5 -DMAC_CFG_TX_MAX=8         #
#                          -DMAC_CFG_RX_MAX=5 -DZDO_COORDINATOR -DRTR_NWK)    #
#                          -f E:\wise-house\Projects\zstack\Samples\WSN_senso #
#                          rs\CC2530DB\..\..\..\Tools\CC2530DB\f8wConfig.cfg  #
#                          (-DZIGBEEPRO -DSECURE=0 -DZG_SECURE_DYNAMIC=0      #
#                          -DREFLECTOR -DDEFAULT_CHANLIST=0x00000800          #
#                          -DZDAPP_CONFIG_PAN_ID=0xFFFF                       #
#                          -DNWK_START_DELAY=100 -DEXTENDED_JOINING_RANDOM_MA #
#                          SK=0x007F -DBEACON_REQUEST_DELAY=100               #
#                          -DBEACON_REQ_DELAY_MASK=0x00FF                     #
#                          -DLINK_STATUS_JITTER_MASK=0x007F                   #
#                          -DROUTE_EXPIRY_TIME=30 -DAPSC_ACK_WAIT_DURATION_PO #
#                          LLED=3000 -DNWK_INDIRECT_MSG_TIMEOUT=7             #
#                          -DMAX_RREQ_ENTRIES=8 -DAPSC_MAX_FRAME_RETRIES=3    #
#                          -DNWK_MAX_DATA_RETRIES=2                           #
#                          -DMAX_POLL_FAILURE_RETRIES=2 -DMAX_BCAST=9         #
#                          -DAPS_MAX_GROUPS=16 -DMAX_RTG_ENTRIES=40           #
#                          -DNWK_MAX_BINDING_ENTRIES=4                        #
#                          -DMAX_BINDING_CLUSTER_IDS=4 "-DDEFAULT_KEY={0x01,  #
#                          0x03, 0x05, 0x07, 0x09, 0x0B, 0x0D, 0x0F, 0x00,    #
#                          0x02, 0x04, 0x06, 0x08, 0x0A, 0x0C, 0x0D}"         #
#                          -DMAC_MAX_FRAME_SIZE=116                           #
#                          -DZDNWKMGR_MIN_TRANSMISSIONS=20 "-DCONST=const     #
#                          __code" -DGENERIC=__generic                        #
#                          -DRFD_RCVC_ALWAYS_ON=FALSE -DPOLL_RATE=1000        #
#                          -DQUEUED_POLL_RATE=100 -DRESPONSE_POLL_RATE=100)   #
#                          -DREJOIN_POLL_RATE=440 E:\wise-house\Projects\zsta #
#                          ck\ZMain\TI2530DB\ZMain.c -D ZTOOL_P1 -D MT_TASK   #
#                          -D MT_SYS_FUNC -D MT_ZDO_FUNC -D                   #
#                          LCD_SUPPORTED=DEBUG -D HAL_UART=TRUE -D            #
#                          xSERIAL_APP_PORT=0 -lC E:\wise-house\Projects\zsta #
#                          ck\Samples\WSN_sensors\CC2530DB\CoordinatorEB\List #
#                          \ -lA E:\wise-house\Projects\zstack\Samples\WSN_se #
#                          nsors\CC2530DB\CoordinatorEB\List\                 #
#                          --diag_suppress Pe001,Pa010 -o                     #
#                          E:\wise-house\Projects\zstack\Samples\WSN_sensors\ #
#                          CC2530DB\CoordinatorEB\Obj\ -e --debug             #
#                          --core=plain --dptr=16,1 --data_model=large        #
#                          --code_model=banked --calling_convention=xdata_ree #
#                          ntrant --place_constants=data_rom                  #
#                          --nr_virtual_regs 8 -I E:\wise-house\Projects\zsta #
#                          ck\Samples\WSN_sensors\CC2530DB\ -I                #
#                          E:\wise-house\Projects\zstack\Samples\WSN_sensors\ #
#                          CC2530DB\..\SOURCE\ -I E:\wise-house\Projects\zsta #
#                          ck\Samples\WSN_sensors\CC2530DB\..\..\..\ZMAIN\TI2 #
#                          530DB\ -I E:\wise-house\Projects\zstack\Samples\WS #
#                          N_sensors\CC2530DB\..\..\..\..\..\COMPONENTS\MT\   #
#                          -I E:\wise-house\Projects\zstack\Samples\WSN_senso #
#                          rs\CC2530DB\..\..\..\..\..\COMPONENTS\HAL\INCLUDE\ #
#                           -I E:\wise-house\Projects\zstack\Samples\WSN_sens #
#                          ors\CC2530DB\..\..\..\..\..\COMPONENTS\HAL\TARGET\ #
#                          CC2530EB\ -I E:\wise-house\Projects\zstack\Samples #
#                          \WSN_sensors\CC2530DB\..\..\..\..\..\COMPONENTS\OS #
#                          AL\MCU\CCSOC\ -I E:\wise-house\Projects\zstack\Sam #
#                          ples\WSN_sensors\CC2530DB\..\..\..\..\..\COMPONENT #
#                          S\OSAL\INCLUDE\ -I E:\wise-house\Projects\zstack\S #
#                          amples\WSN_sensors\CC2530DB\..\..\..\..\..\COMPONE #
#                          NTS\STACK\AF\ -I E:\wise-house\Projects\zstack\Sam #
#                          ples\WSN_sensors\CC2530DB\..\..\..\..\..\COMPONENT #
#                          S\STACK\NWK\ -I E:\wise-house\Projects\zstack\Samp #
#                          les\WSN_sensors\CC2530DB\..\..\..\..\..\COMPONENTS #
#                          \STACK\SEC\ -I E:\wise-house\Projects\zstack\Sampl #
#                          es\WSN_sensors\CC2530DB\..\..\..\..\..\COMPONENTS\ #
#                          STACK\SAPI\ -I E:\wise-house\Projects\zstack\Sampl #
#                          es\WSN_sensors\CC2530DB\..\..\..\..\..\COMPONENTS\ #
#                          STACK\SYS\ -I E:\wise-house\Projects\zstack\Sample #
#                          s\WSN_sensors\CC2530DB\..\..\..\..\..\COMPONENTS\S #
#                          TACK\ZDO\ -I E:\wise-house\Projects\zstack\Samples #
#                          \WSN_sensors\CC2530DB\..\..\..\..\..\COMPONENTS\ZM #
#                          AC\F8W\ -I E:\wise-house\Projects\zstack\Samples\W #
#                          SN_sensors\CC2530DB\..\..\..\..\..\COMPONENTS\ZMAC #
#                          \ -I E:\wise-house\Projects\zstack\Samples\WSN_sen #
#                          sors\CC2530DB\..\..\..\..\..\COMPONENTS\SERVICES\S #
#                          ADDR\ -I E:\wise-house\Projects\zstack\Samples\WSN #
#                          _sensors\CC2530DB\..\..\..\..\..\COMPONENTS\SERVIC #
#                          ES\SDATA\ -I E:\wise-house\Projects\zstack\Samples #
#                          \WSN_sensors\CC2530DB\..\..\..\..\..\COMPONENTS\MA #
#                          C\INCLUDE\ -I E:\wise-house\Projects\zstack\Sample #
#                          s\WSN_sensors\CC2530DB\..\..\..\..\..\COMPONENTS\M #
#                          AC\HIGH_LEVEL\ -I E:\wise-house\Projects\zstack\Sa #
#                          mples\WSN_sensors\CC2530DB\..\..\..\..\..\COMPONEN #
#                          TS\MAC\LOW_LEVEL\srf04\ -I                         #
#                          E:\wise-house\Projects\zstack\Samples\WSN_sensors\ #
#                          CC2530DB\..\..\..\..\..\COMPONENTS\MAC\LOW_LEVEL\s #
#                          rf04\SINGLE_CHIP\ -Ohz --require_prototypes        #
#    List file          =  E:\wise-house\Projects\zstack\Samples\WSN_sensors\ #
#                          CC2530DB\CoordinatorEB\List\ZMain.lst              #
#    Object file        =  E:\wise-house\Projects\zstack\Samples\WSN_sensors\ #
#                          CC2530DB\CoordinatorEB\Obj\ZMain.r51               #
#                                                                             #
#                                                                             #
###############################################################################

E:\wise-house\Projects\zstack\ZMain\TI2530DB\ZMain.c
      1          /**************************************************************************************************
      2            Filename:       ZMain.c
      3            Revised:        $Date: 2010-09-17 16:25:30 -0700 (Fri, 17 Sep 2010) $
      4            Revision:       $Revision: 23835 $
      5          
      6            Description:    Startup and shutdown code for ZStack
      7            Notes:          This version targets the Chipcon CC2530
      8          
      9          
     10            Copyright 2005-2010 Texas Instruments Incorporated. All rights reserved.
     11          
     12            IMPORTANT: Your use of this Software is limited to those specific rights
     13            granted under the terms of a software license agreement between the user
     14            who downloaded the software, his/her employer (which must be your employer)
     15            and Texas Instruments Incorporated (the "License").  You may not use this
     16            Software unless you agree to abide by the terms of the License. The License
     17            limits your use, and you acknowledge, that the Software may not be modified,
     18            copied or distributed unless embedded on a Texas Instruments microcontroller
     19            or used solely and exclusively in conjunction with a Texas Instruments radio
     20            frequency transceiver, which is integrated into your product.  Other than for
     21            the foregoing purpose, you may not use, reproduce, copy, prepare derivative
     22            works of, modify, distribute, perform, display or sell this Software and/or
     23            its documentation for any purpose.
     24          
     25            YOU FURTHER ACKNOWLEDGE AND AGREE THAT THE SOFTWARE AND DOCUMENTATION ARE
     26            PROVIDED “AS IS” WITHOUT WARRANTY OF ANY KIND, EITHER EXPRESS OR IMPLIED,
     27            INCLUDING WITHOUT LIMITATION, ANY WARRANTY OF MERCHANTABILITY, TITLE,
     28            NON-INFRINGEMENT AND FITNESS FOR A PARTICULAR PURPOSE. IN NO EVENT SHALL
     29            TEXAS INSTRUMENTS OR ITS LICENSORS BE LIABLE OR OBLIGATED UNDER CONTRACT,
     30            NEGLIGENCE, STRICT LIABILITY, CONTRIBUTION, BREACH OF WARRANTY, OR OTHER
     31            LEGAL EQUITABLE THEORY ANY DIRECT OR INDIRECT DAMAGES OR EXPENSES
     32            INCLUDING BUT NOT LIMITED TO ANY INCIDENTAL, SPECIAL, INDIRECT, PUNITIVE
     33            OR CONSEQUENTIAL DAMAGES, LOST PROFITS OR LOST DATA, COST OF PROCUREMENT
     34            OF SUBSTITUTE GOODS, TECHNOLOGY, SERVICES, OR ANY CLAIMS BY THIRD PARTIES
     35            (INCLUDING BUT NOT LIMITED TO ANY DEFENSE THEREOF), OR OTHER SIMILAR COSTS.
     36          
     37            Should you have any questions regarding your right to use this Software,
     38            contact Texas Instruments Incorporated at www.TI.com.
     39          **************************************************************************************************/
     40          
     41          /*********************************************************************
     42           * INCLUDES
     43           */
     44          
     45          #ifndef NONWK
     46          #include "AF.h"
     47          #endif
     48          #include "hal_adc.h"

   \                                 In  segment SFR_AN, at 0x8f
   \   unsigned char volatile __sfr P0INP
   \                     P0INP:
   \   000000                DS 1

   \                                 In  segment SFR_AN, at 0x90
   \   union <unnamed> volatile __sfr _A_P1
   \                     _A_P1:
   \   000000                DS 1

   \                                 In  segment SFR_AN, at 0x9d
   \   unsigned char volatile __sfr SLEEPSTA
   \                     SLEEPSTA:
   \   000000                DS 1

   \                                 In  segment SFR_AN, at 0x9e
   \   unsigned char volatile __sfr CLKCONSTA
   \                     CLKCONSTA:
   \   000000                DS 1

   \                                 In  segment SFR_AN, at 0xbe
   \   unsigned char volatile __sfr SLEEPCMD
   \                     SLEEPCMD:
   \   000000                DS 1

   \                                 In  segment SFR_AN, at 0xc6
   \   unsigned char volatile __sfr CLKCONCMD
   \                     CLKCONCMD:
   \   000000                DS 1

   \                                 In  segment SFR_AN, at 0xfe
   \   unsigned char volatile __sfr P1DIR
   \                     P1DIR:
   \   000000                DS 1
     49          #include "hal_flash.h"
     50          #include "hal_lcd.h"
     51          #include "hal_led.h"
     52          #include "hal_drivers.h"
     53          #include "OnBoard.h"
     54          #include "OSAL.h"
     55          #include "OSAL_Nv.h"
     56          #include "ZComDef.h"
     57          #include "ZMAC.h"
     58          
     59          /*********************************************************************
     60           * LOCAL FUNCTIONS
     61           */
     62          
     63          static void zmain_ext_addr( void );
     64          #if defined ZCL_KEY_ESTABLISH
     65          static void zmain_cert_init( void );
     66          #endif
     67          static void zmain_dev_info( void );
     68          static void zmain_vdd_check( void );
     69          
     70          #ifdef LCD_SUPPORTED
     71          static void zmain_lcd_init( void );
     72          #endif
     73          
     74          /*********************************************************************
     75           * @fn      main
     76           * @brief   First function called after startup.
     77           * @return  don't care
     78           */

   \                                 In  segment BANKED_CODE, align 1, keep-with-next
     79          int main( void )
   \                     main:
     80          {
   \   000000                ; Auto size: 0
     81            // Turn off interrupts
     82            osal_int_disable( INTS_ALL );
   \   000000                ; Setup parameters for call to function osal_int_disable
   \   000000   79FF         MOV     R1,#-0x1
   \   000002   12....       LCALL   ??osal_int_disable?relay
     83          
     84            // Initialization for board related stuff such as LEDs
     85            HAL_BOARD_INIT();
   \   000005   53BEFB       ANL     0xbe,#0xfb
   \                     ??main_0:
   \   000008   E59D         MOV     A,0x9d
   \   00000A   A2E6         MOV     C,0xE0 /* A   */.6
   \   00000C   50FA         JNC     ??main_0
   \   00000E   00           NOP
   \   00000F   78F8         MOV     R0,#-0x8
   \   000011   7901         MOV     R1,#0x1
   \                     ??main_1:
   \   000013   00           NOP
   \   000014   E8           MOV     A,R0
   \   000015   24FF         ADD     A,#-0x1
   \   000017   18           DEC     R0
   \   000018   E9           MOV     A,R1
   \   000019   34FF         ADDC    A,#-0x1
   \   00001B   F9           MOV     R1,A
   \   00001C   E8           MOV     A,R0
   \   00001D   49           ORL     A,R1
   \   00001E   70F3         JNZ     ??main_1
   \   000020   75C600       MOV     0xc6,#0x0
   \                     ??main_2:
   \   000023   E59E         MOV     A,0x9e
   \   000025   70FC         JNZ     ??main_2
   \   000027   43BE04       ORL     0xbe,#0x4
   \   00002A   906270       MOV     DPTR,#0x6270
   \   00002D   7408         MOV     A,#0x8
   \   00002F   F0           MOVX    @DPTR,A
   \   000030   C290         CLR     0x90.0
   \   000032   43FE01       ORL     0xfe,#0x1
   \   000035   C291         CLR     0x90.1
   \   000037   43FE02       ORL     0xfe,#0x2
   \   00003A   C294         CLR     0x90.4
   \   00003C   43FE10       ORL     0xfe,#0x10
   \   00003F   438F01       ORL     0x8f,#0x1
     86          
     87            // Make sure supply voltage is high enough to run
     88            zmain_vdd_check();
   \   000042   7E10         MOV     R6,#0x10
   \                     ??main_3:
   \   000044                ; Setup parameters for call to function HalAdcCheckVdd
   \   000044   794A         MOV     R1,#0x4a
   \   000046   12....       LCALL   ??HalAdcCheckVdd?relay
   \   000049   E9           MOV     A,R1
   \   00004A   60F8         JZ      ??main_3
   \   00004C   1E           DEC     R6
   \   00004D   EE           MOV     A,R6
   \   00004E   70F4         JNZ     ??main_3
     89          
     90            // Initialize board I/O
     91            InitBoard( OB_COLD );
   \   000050                ; Setup parameters for call to function InitBoard
   \   000050   7900         MOV     R1,#0x0
   \   000052   12....       LCALL   ??InitBoard?relay
     92          
     93            // Initialze HAL drivers
     94            HalDriverInit();
   \   000055                ; Setup parameters for call to function HalDriverInit
   \   000055   12....       LCALL   ??HalDriverInit?relay
     95          
     96            // Initialize NV System
     97            osal_nv_init( NULL );
   \   000058                ; Setup parameters for call to function osal_nv_init
   \   000058   7A00         MOV     R2,#0x0
   \   00005A   7B00         MOV     R3,#0x0
   \   00005C   12....       LCALL   ??osal_nv_init?relay
     98          
     99            // Initialize the MAC
    100            ZMacInit();
   \   00005F                ; Setup parameters for call to function ZMacInit
   \   00005F   12....       LCALL   ??ZMacInit?relay
    101          
    102            // Determine the extended address
    103            zmain_ext_addr();
   \   000062                ; Setup parameters for call to function zmain_ext_addr
   \   000062   12....       LCALL   ??zmain_ext_addr?relay
    104          
    105          #if defined ZCL_KEY_ESTABLISH
    106            // Initialize the Certicom certificate information.
    107            zmain_cert_init();
    108          #endif
    109          
    110            // Initialize basic NV items
    111            zgInit();
   \   000065                ; Setup parameters for call to function zgInit
   \   000065   12....       LCALL   ??zgInit?relay
    112          
    113          #ifndef NONWK
    114            // Since the AF isn't a task, call it's initialization routine
    115            afInit();
    116          #endif
    117          
    118            // Initialize the operating system
    119            osal_init_system();
   \   000068                ; Setup parameters for call to function osal_init_system
   \   000068   12....       LCALL   ??osal_init_system?relay
    120          
    121            // Allow interrupts
    122            osal_int_enable( INTS_ALL );
   \   00006B                ; Setup parameters for call to function osal_int_enable
   \   00006B   79FF         MOV     R1,#-0x1
   \   00006D   12....       LCALL   ??osal_int_enable?relay
    123          
    124            // Final board initialization
    125            InitBoard( OB_READY );
   \   000070                ; Setup parameters for call to function InitBoard
   \   000070   7902         MOV     R1,#0x2
   \   000072   12....       LCALL   ??InitBoard?relay
    126          
    127            // Display information about this device
    128            zmain_dev_info();
   \   000075                ; Setup parameters for call to function zmain_dev_info
   \   000075   12....       LCALL   ??zmain_dev_info?relay
    129          
    130            /* Display the device info on the LCD */
    131          #ifdef LCD_SUPPORTED
    132            zmain_lcd_init();
   \   000078                ; Setup parameters for call to function HalLcdWriteString
   \   000078   7901         MOV     R1,#0x1
   \   00007A   7A..         MOV     R2,#`?<Constant "TexasInstruments">` & 0xff
   \   00007C   7B..         MOV     R3,#(`?<Constant "TexasInstruments">` >> 8) & 0xff
   \   00007E   12....       LCALL   ??HalLcdWriteString?relay
    133          #endif
    134          
    135          #ifdef WDT_IN_PM1
    136            /* If WDT is used, this is a good place to enable it. */
    137            WatchDogEnable( WDTIMX );
    138          #endif
    139          
    140            osal_start_system(); // No Return from here
   \   000081                ; Setup parameters for call to function osal_start_system
   \   000081   12....       LCALL   ??osal_start_system?relay
    141          
    142            return 0;  // Shouldn't get here.
   \   000084   7A00         MOV     R2,#0x0
   \   000086   7B00         MOV     R3,#0x0
   \   000088   02....       LJMP    ?BRET
   \   00008B                REQUIRE SLEEPCMD
   \   00008B                REQUIRE SLEEPSTA
   \   00008B                REQUIRE CLKCONCMD
   \   00008B                REQUIRE CLKCONSTA
   \   00008B                REQUIRE _A_P1
   \   00008B                REQUIRE P1DIR
   \   00008B                REQUIRE P0INP
    143          } // main()
    144          
    145          /*********************************************************************
    146           * @fn      zmain_vdd_check
    147           * @brief   Check if the Vdd is OK to run the processor.
    148           * @return  Return if Vdd is ok; otherwise, flash LED, then reset
    149           *********************************************************************/
    150          static void zmain_vdd_check( void )
    151          {
    152            uint8 cnt = 16;
    153            
    154            do {
    155              while (!HalAdcCheckVdd(VDD_MIN_RUN));
    156            } while (--cnt);
    157          }
    158          
    159          /**************************************************************************************************
    160           * @fn          zmain_ext_addr
    161           *
    162           * @brief       Execute a prioritized search for a valid extended address and write the results
    163           *              into the OSAL NV system for use by the system. Temporary address not saved to NV.
    164           *
    165           * input parameters
    166           *
    167           * None.
    168           *
    169           * output parameters
    170           *
    171           * None.
    172           *
    173           * @return      None.
    174           **************************************************************************************************
    175           */

   \                                 In  segment BANKED_CODE, align 1, keep-with-next
    176          static void zmain_ext_addr(void)
   \                     zmain_ext_addr:
    177          {
   \   000000   74F2         MOV     A,#-0xe
   \   000002   12....       LCALL   ?BANKED_ENTER_XDATA
   \   000005                ; Saved register size: 14
   \   000005                ; Auto size: 11
   \   000005   74F5         MOV     A,#-0xb
   \   000007   12....       LCALL   ?ALLOC_XSTACK8
    178            uint8 nullAddr[Z_EXTADDR_LEN] = {0xFF, 0xFF, 0xFF, 0xFF, 0xFF, 0xFF, 0xFF, 0xFF};
   \   00000A   7403         MOV     A,#0x3
   \   00000C   12....       LCALL   ?XSTACK_DISP0_8
   \   00000F   AC82         MOV     R4,DPL
   \   000011   AD83         MOV     R5,DPH
   \   000013   7583..       MOV     DPH,#(`?<Constant {255, 255, 255, 255, 255, 255, 255,` >> 8) & 0xff
   \   000016   7582..       MOV     DPL,#`?<Constant {255, 255, 255, 255, 255, 255, 255,` & 0xff
   \   000019   7408         MOV     A,#0x8
   \   00001B   12....       LCALL   ?MOVE_LONG8_XDATA_XDATA
    179            uint8 writeNV = TRUE;
    180          
    181            // First check whether a non-erased extended address exists in the OSAL NV.
    182            if ((SUCCESS != osal_nv_item_init(ZCD_NV_EXTADDR, Z_EXTADDR_LEN, NULL))  ||
    183                (SUCCESS != osal_nv_read(ZCD_NV_EXTADDR, 0, Z_EXTADDR_LEN, aExtendedAddress)) ||
    184                (osal_memcmp(aExtendedAddress, nullAddr, Z_EXTADDR_LEN)))
   \   00001E   85..82       MOV     DPL,?XSP + 0
   \   000021   85..83       MOV     DPH,?XSP + 1
   \   000024   74..         MOV     A,#aExtendedAddress & 0xff
   \   000026   F0           MOVX    @DPTR,A
   \   000027   A3           INC     DPTR
   \   000028   74..         MOV     A,#(aExtendedAddress >> 8) & 0xff
   \   00002A   F0           MOVX    @DPTR,A
   \   00002B   A3           INC     DPTR
   \   00002C   E4           CLR     A
   \   00002D   F0           MOVX    @DPTR,A
   \   00002E   7403         MOV     A,#0x3
   \   000030   12....       LCALL   ?XSTACK_DISP0_8
   \   000033   A982         MOV     R1,DPL
   \   000035   AA83         MOV     R2,DPH
   \   000037   89..         MOV     ?V0 + 0,R1
   \   000039   8A..         MOV     ?V0 + 1,R2
   \   00003B   75..00       MOV     ?V0 + 2,#0x0
   \   00003E                ; Setup parameters for call to function osal_nv_item_init
   \   00003E   E4           CLR     A
   \   00003F   F5..         MOV     ?V0 + 4,A
   \   000041   F5..         MOV     ?V0 + 5,A
   \   000043   78..         MOV     R0,#?V0 + 4
   \   000045   12....       LCALL   ?PUSH_XSTACK_I_TWO
   \   000048   7C08         MOV     R4,#0x8
   \   00004A   7D00         MOV     R5,#0x0
   \   00004C   7A01         MOV     R2,#0x1
   \   00004E   7B00         MOV     R3,#0x0
   \   000050   12....       LCALL   ??osal_nv_item_init?relay
   \   000053   7402         MOV     A,#0x2
   \   000055   12....       LCALL   ?DEALLOC_XSTACK8
   \   000058   E9           MOV     A,R1
   \   000059   7043         JNZ     ??zmain_ext_addr_0
   \   00005B                ; Setup parameters for call to function osal_nv_read
   \   00005B   75....       MOV     ?V0 + 4,#aExtendedAddress & 0xff
   \   00005E   75....       MOV     ?V0 + 5,#(aExtendedAddress >> 8) & 0xff
   \   000061   78..         MOV     R0,#?V0 + 4
   \   000063   12....       LCALL   ?PUSH_XSTACK_I_TWO
   \   000066   75..08       MOV     ?V0 + 4,#0x8
   \   000069   75..00       MOV     ?V0 + 5,#0x0
   \   00006C   78..         MOV     R0,#?V0 + 4
   \   00006E   12....       LCALL   ?PUSH_XSTACK_I_TWO
   \   000071   7C00         MOV     R4,#0x0
   \   000073   7D00         MOV     R5,#0x0
   \   000075   7A01         MOV     R2,#0x1
   \   000077   7B00         MOV     R3,#0x0
   \   000079   12....       LCALL   ??osal_nv_read?relay
   \   00007C   7404         MOV     A,#0x4
   \   00007E   12....       LCALL   ?DEALLOC_XSTACK8
   \   000081   E9           MOV     A,R1
   \   000082   701A         JNZ     ??zmain_ext_addr_0
   \   000084                ; Setup parameters for call to function osal_memcmp
   \   000084   78..         MOV     R0,#?V0 + 0
   \   000086   12....       LCALL   ?PUSH_XSTACK_I_THREE
   \   000089   7C08         MOV     R4,#0x8
   \   00008B   7D00         MOV     R5,#0x0
   \   00008D   7403         MOV     A,#0x3
   \   00008F   12....       LCALL   ?XSTACK_DISP0_8
   \   000092   12....       LCALL   ?Subroutine1 & 0xFFFF
   \                     ??CrossCallReturnLabel_3:
   \   000095   12....       LCALL   ?DEALLOC_XSTACK8
   \   000098   E9           MOV     A,R1
   \   000099   7003         JNZ     $+5
   \   00009B   02....       LJMP    ??zmain_ext_addr_1 & 0xFFFF
    185            {
    186              // Attempt to read the extended address from the location on the lock bits page
    187              // where the programming tools know to reserve it.
    188              HalFlashRead(HAL_FLASH_IEEE_PAGE, HAL_FLASH_IEEE_OSET, aExtendedAddress, Z_EXTADDR_LEN);
   \                     ??zmain_ext_addr_0:
   \   00009E                ; Setup parameters for call to function HalFlashRead
   \   00009E   75..08       MOV     ?V0 + 4,#0x8
   \   0000A1   78..         MOV     R0,#?V0 + 4
   \   0000A3   12....       LCALL   ?PUSH_XSTACK_I_TWO
   \   0000A6   7C..         MOV     R4,#aExtendedAddress & 0xff
   \   0000A8   7D..         MOV     R5,#(aExtendedAddress >> 8) & 0xff
   \   0000AA   7AE8         MOV     R2,#-0x18
   \   0000AC   7B07         MOV     R3,#0x7
   \   0000AE   797F         MOV     R1,#0x7f
   \   0000B0   12....       LCALL   ??HalFlashRead?relay
   \   0000B3   7402         MOV     A,#0x2
   \   0000B5   12....       LCALL   ?DEALLOC_XSTACK8
    189          
    190              if (osal_memcmp(aExtendedAddress, nullAddr, Z_EXTADDR_LEN))
   \   0000B8                ; Setup parameters for call to function osal_memcmp
   \   0000B8   78..         MOV     R0,#?V0 + 0
   \   0000BA   12....       LCALL   ?PUSH_XSTACK_I_THREE
   \   0000BD   7C08         MOV     R4,#0x8
   \   0000BF   7D00         MOV     R5,#0x0
   \   0000C1   7403         MOV     A,#0x3
   \   0000C3   12....       LCALL   ?XSTACK_DISP0_8
   \   0000C6   12....       LCALL   ?Subroutine1 & 0xFFFF
   \                     ??CrossCallReturnLabel_4:
   \   0000C9   12....       LCALL   ?DEALLOC_XSTACK8
   \   0000CC   E9           MOV     A,R1
   \   0000CD   6035         JZ      ??zmain_ext_addr_2
    191              {
    192                // Attempt to read the extended address from the designated location in the Info Page.
    193                if (!osal_memcmp((uint8 *)(P_INFOPAGE+HAL_INFOP_IEEE_OSET), nullAddr, Z_EXTADDR_LEN))
   \   0000CF                ; Setup parameters for call to function osal_memcmp
   \   0000CF   78..         MOV     R0,#?V0 + 0
   \   0000D1   12....       LCALL   ?PUSH_XSTACK_I_THREE
   \   0000D4   7C08         MOV     R4,#0x8
   \   0000D6   7D00         MOV     R5,#0x0
   \   0000D8   790C         MOV     R1,#0xc
   \   0000DA   7A78         MOV     R2,#0x78
   \   0000DC   7B00         MOV     R3,#0x0
   \   0000DE   12....       LCALL   ??osal_memcmp?relay
   \   0000E1   7403         MOV     A,#0x3
   \   0000E3   12....       LCALL   ?DEALLOC_XSTACK8
   \   0000E6   E9           MOV     A,R1
   \   0000E7   7054         JNZ     ??zmain_ext_addr_3
    194                {
    195                  osal_memcpy(aExtendedAddress, (uint8 *)(P_INFOPAGE+HAL_INFOP_IEEE_OSET), Z_EXTADDR_LEN);
   \   0000E9                ; Setup parameters for call to function osal_memcpy
   \   0000E9   75..0C       MOV     ?V0 + 0,#0xc
   \   0000EC   75..78       MOV     ?V0 + 1,#0x78
   \   0000EF   78..         MOV     R0,#?V0 + 0
   \   0000F1   12....       LCALL   ?PUSH_XSTACK_I_THREE
   \   0000F4   7C08         MOV     R4,#0x8
   \   0000F6   7D00         MOV     R5,#0x0
   \   0000F8   7A..         MOV     R2,#aExtendedAddress & 0xff
   \   0000FA   7B..         MOV     R3,#(aExtendedAddress >> 8) & 0xff
   \   0000FC   12....       LCALL   ??osal_memcpy?relay
   \   0000FF   7403         MOV     A,#0x3
   \   000101   12....       LCALL   ?DEALLOC_XSTACK8
    196                }
    197                else  // No valid extended address was found.
    198                {
    199                  uint8 idx;
    200                  
    201          #if !defined ( NV_RESTORE )
    202                  writeNV = FALSE;  // Make this a temporary IEEE address
    203          #endif
    204          
    205                  /* Attempt to create a sufficiently random extended address for expediency.
    206                   * Note: this is only valid/legal in a test environment and
    207                   *       must never be used for a commercial product.
    208                   */
    209                  for (idx = 0; idx < (Z_EXTADDR_LEN - 2);)
    210                  {
    211                    uint16 randy = osal_rand();
    212                    aExtendedAddress[idx++] = LO_UINT16(randy);
    213                    aExtendedAddress[idx++] = HI_UINT16(randy);
    214                  }
    215                  // Next-to-MSB identifies ZigBee devicetype.
    216          #if ZG_BUILD_COORDINATOR_TYPE && !ZG_BUILD_JOINING_TYPE
    217                  aExtendedAddress[idx++] = 0x10;
    218          #elif ZG_BUILD_RTRONLY_TYPE
    219                  aExtendedAddress[idx++] = 0x20;
    220          #else
    221                  aExtendedAddress[idx++] = 0x30;
    222          #endif
    223                  // MSB has historical signficance.
    224                  aExtendedAddress[idx] = 0xF8;
    225                }
    226              }
    227          
    228              if (writeNV)
    229              {
    230                (void)osal_nv_write(ZCD_NV_EXTADDR, 0, Z_EXTADDR_LEN, aExtendedAddress);
   \                     ??zmain_ext_addr_2:
   \   000104                ; Setup parameters for call to function osal_nv_write
   \   000104   75....       MOV     ?V0 + 0,#aExtendedAddress & 0xff
   \   000107   75....       MOV     ?V0 + 1,#(aExtendedAddress >> 8) & 0xff
   \   00010A   78..         MOV     R0,#?V0 + 0
   \   00010C   12....       LCALL   ?PUSH_XSTACK_I_TWO
   \   00010F   75..08       MOV     ?V0 + 0,#0x8
   \   000112   75..00       MOV     ?V0 + 1,#0x0
   \   000115   78..         MOV     R0,#?V0 + 0
   \   000117   12....       LCALL   ?PUSH_XSTACK_I_TWO
   \   00011A   7C00         MOV     R4,#0x0
   \   00011C   7D00         MOV     R5,#0x0
   \   00011E   7A01         MOV     R2,#0x1
   \   000120   7B00         MOV     R3,#0x0
   \   000122   12....       LCALL   ??osal_nv_write?relay
   \   000125   7404         MOV     A,#0x4
   \   000127   12....       LCALL   ?DEALLOC_XSTACK8
    231              }
    232            }
    233          
    234            // Set the MAC PIB extended address according to results from above.
    235            (void)ZMacSetReq(MAC_EXTENDED_ADDRESS, aExtendedAddress);
   \                     ??zmain_ext_addr_1:
   \   00012A                ; Setup parameters for call to function ZMacSetReq
   \   00012A   7A..         MOV     R2,#aExtendedAddress & 0xff
   \   00012C   7B..         MOV     R3,#(aExtendedAddress >> 8) & 0xff
   \   00012E   79E2         MOV     R1,#-0x1e
   \   000130   12....       LCALL   ??ZMacSetReq?relay
    236          }
   \   000133   740B         MOV     A,#0xb
   \   000135   12....       LCALL   ?DEALLOC_XSTACK8
   \   000138   7F06         MOV     R7,#0x6
   \   00013A   02....       LJMP    ?BANKED_LEAVE_XDATA
   \                     ??zmain_ext_addr_3:
   \   00013D   7E00         MOV     R6,#0x0
   \                     ??zmain_ext_addr_4:
   \   00013F                ; Setup parameters for call to function osal_rand
   \   00013F   12....       LCALL   ??osal_rand?relay
   \   000142   8A..         MOV     ?V0 + 0,R2
   \   000144   A8..         MOV     R0,?V0 + 0
   \   000146   12....       LCALL   ?Subroutine0 & 0xFFFF
   \                     ??CrossCallReturnLabel_0:
   \   000149   E8           MOV     A,R0
   \   00014A   F0           MOVX    @DPTR,A
   \   00014B   0E           INC     R6
   \   00014C   12....       LCALL   ?Subroutine0 & 0xFFFF
   \                     ??CrossCallReturnLabel_1:
   \   00014F   EB           MOV     A,R3
   \   000150   F0           MOVX    @DPTR,A
   \   000151   0E           INC     R6
   \   000152   EE           MOV     A,R6
   \   000153   C3           CLR     C
   \   000154   9406         SUBB    A,#0x6
   \   000156   40E7         JC      ??zmain_ext_addr_4
   \   000158   12....       LCALL   ?Subroutine0 & 0xFFFF
   \                     ??CrossCallReturnLabel_2:
   \   00015B   7410         MOV     A,#0x10
   \   00015D   F0           MOVX    @DPTR,A
   \   00015E   7401         MOV     A,#0x1
   \   000160   2E           ADD     A,R6
   \   000161   F8           MOV     R0,A
   \   000162   74..         MOV     A,#aExtendedAddress & 0xff
   \   000164   28           ADD     A,R0
   \   000165   F582         MOV     DPL,A
   \   000167   74..         MOV     A,#(aExtendedAddress >> 8) & 0xff
   \   000169   3400         ADDC    A,#0x0
   \   00016B   F583         MOV     DPH,A
   \   00016D   74F8         MOV     A,#-0x8
   \   00016F   F0           MOVX    @DPTR,A
   \   000170   80B8         SJMP    ??zmain_ext_addr_1

   \                                 In  segment BANKED_CODE, align 1, keep-with-next
   \                     ?Subroutine1:
   \   000000   E0           MOVX    A,@DPTR
   \   000001   F9           MOV     R1,A
   \   000002   A3           INC     DPTR
   \   000003   E0           MOVX    A,@DPTR
   \   000004   FA           MOV     R2,A
   \   000005   A3           INC     DPTR
   \   000006   E0           MOVX    A,@DPTR
   \   000007   FB           MOV     R3,A
   \   000008   12....       LCALL   ??osal_memcmp?relay
   \   00000B   7403         MOV     A,#0x3
   \   00000D   22           RET

   \                                 In  segment BANKED_CODE, align 1, keep-with-next
   \                     ?Subroutine0:
   \   000000   8E..         MOV     ?V0 + 0,R6
   \   000002   74..         MOV     A,#aExtendedAddress & 0xff
   \   000004   25..         ADD     A,?V0 + 0
   \   000006   F582         MOV     DPL,A
   \   000008   74..         MOV     A,#(aExtendedAddress >> 8) & 0xff
   \   00000A   3400         ADDC    A,#0x0
   \   00000C   F583         MOV     DPH,A
   \   00000E   22           RET
    237          
    238          #if defined ZCL_KEY_ESTABLISH
    239          /**************************************************************************************************
    240           * @fn          zmain_cert_init
    241           *
    242           * @brief       Initialize the Certicom certificate information.
    243           *
    244           * input parameters
    245           *
    246           * None.
    247           *
    248           * output parameters
    249           *
    250           * None.
    251           *
    252           * @return      None.
    253           **************************************************************************************************
    254           */
    255          static void zmain_cert_init(void)
    256          {
    257            uint8 certData[ZCL_KE_IMPLICIT_CERTIFICATE_LEN];
    258            uint8 nullData[ZCL_KE_IMPLICIT_CERTIFICATE_LEN] = {
    259              0xFF, 0xFF, 0xFF, 0xFF, 0xFF, 0xFF, 0xFF, 0xFF,
    260              0xFF, 0xFF, 0xFF, 0xFF, 0xFF, 0xFF, 0xFF, 0xFF,
    261              0xFF, 0xFF, 0xFF, 0xFF, 0xFF, 0xFF, 0xFF, 0xFF,
    262              0xFF, 0xFF, 0xFF, 0xFF, 0xFF, 0xFF, 0xFF, 0xFF,
    263              0xFF, 0xFF, 0xFF, 0xFF, 0xFF, 0xFF, 0xFF, 0xFF,
    264              0xFF, 0xFF, 0xFF, 0xFF, 0xFF, 0xFF, 0xFF, 0xFF
    265            };
    266          
    267            (void)osal_nv_item_init(ZCD_NV_IMPLICIT_CERTIFICATE, ZCL_KE_IMPLICIT_CERTIFICATE_LEN, NULL);
    268            (void)osal_nv_item_init(ZCD_NV_DEVICE_PRIVATE_KEY, ZCL_KE_DEVICE_PRIVATE_KEY_LEN, NULL);
    269          
    270            // First check whether non-null certificate data exists in the OSAL NV. To save on code space,
    271            // just use the ZCD_NV_CA_PUBLIC_KEY as the bellwether for all three.
    272            if ((SUCCESS != osal_nv_item_init(ZCD_NV_CA_PUBLIC_KEY, ZCL_KE_CA_PUBLIC_KEY_LEN, NULL))    ||
    273                (SUCCESS != osal_nv_read(ZCD_NV_CA_PUBLIC_KEY, 0, ZCL_KE_CA_PUBLIC_KEY_LEN, certData))  ||
    274                (osal_memcmp(certData, nullData, ZCL_KE_CA_PUBLIC_KEY_LEN)))
    275            {
    276              // Attempt to read the certificate data from its corresponding location on the lock bits page.
    277              HalFlashRead(HAL_FLASH_IEEE_PAGE, HAL_FLASH_CA_PUBLIC_KEY_OSET, certData,
    278                                                   ZCL_KE_CA_PUBLIC_KEY_LEN);
    279              // If the certificate data is not NULL, use it to update the corresponding NV items.
    280              if (!osal_memcmp(certData, nullData, ZCL_KE_CA_PUBLIC_KEY_LEN))
    281              {
    282                (void)osal_nv_write(ZCD_NV_CA_PUBLIC_KEY, 0, ZCL_KE_CA_PUBLIC_KEY_LEN, certData);
    283                HalFlashRead(HAL_FLASH_IEEE_PAGE, HAL_FLASH_IMPLICIT_CERT_OSET, certData,
    284                                                     ZCL_KE_IMPLICIT_CERTIFICATE_LEN);
    285                (void)osal_nv_write(ZCD_NV_IMPLICIT_CERTIFICATE, 0,
    286                                    ZCL_KE_IMPLICIT_CERTIFICATE_LEN, certData);
    287                HalFlashRead(HAL_FLASH_IEEE_PAGE, HAL_FLASH_DEV_PRIVATE_KEY_OSET, certData,
    288                                                  ZCL_KE_DEVICE_PRIVATE_KEY_LEN);
    289                (void)osal_nv_write(ZCD_NV_DEVICE_PRIVATE_KEY, 0, ZCL_KE_DEVICE_PRIVATE_KEY_LEN, certData);
    290              }
    291            }
    292          }
    293          #endif
    294          
    295          /**************************************************************************************************
    296           * @fn          zmain_dev_info
    297           *
    298           * @brief       This displays the IEEE (MSB to LSB) on the LCD.
    299           *
    300           * input parameters
    301           *
    302           * None.
    303           *
    304           * output parameters
    305           *
    306           * None.
    307           *
    308           * @return      None.
    309           **************************************************************************************************
    310           */

   \                                 In  segment BANKED_CODE, align 1, keep-with-next
    311          static void zmain_dev_info(void)
   \                     zmain_dev_info:
    312          {
   \   000000   74F6         MOV     A,#-0xa
   \   000002   12....       LCALL   ?BANKED_ENTER_XDATA
   \   000005                ; Saved register size: 10
   \   000005                ; Auto size: 17
   \   000005   74EF         MOV     A,#-0x11
   \   000007   12....       LCALL   ?ALLOC_XSTACK8
    313          #ifdef LCD_SUPPORTED
    314            uint8 i;
    315            uint8 *xad;
    316            uint8 lcd_buf[Z_EXTADDR_LEN*2+1];
    317          
    318            // Display the extended address.
    319            xad = aExtendedAddress + Z_EXTADDR_LEN - 1;
   \   00000A   78..         MOV     R0,#(aExtendedAddress + 7) & 0xff
   \   00000C   79..         MOV     R1,#((aExtendedAddress + 7) >> 8) & 0xff
    320          
    321            for (i = 0; i < Z_EXTADDR_LEN*2; xad--)
   \   00000E   7C00         MOV     R4,#0x0
    322            {
    323              uint8 ch;
    324              ch = (*xad >> 4) & 0x0F;
   \                     ??zmain_dev_info_0:
   \   000010   8882         MOV     DPL,R0
   \   000012   8983         MOV     DPH,R1
   \   000014   E0           MOVX    A,@DPTR
   \   000015   C4           SWAP    A
   \   000016   540F         ANL     A,#0xf
   \   000018   FD           MOV     R5,A
    325              lcd_buf[i++] = ch + (( ch < 10 ) ? '0' : '7');
   \   000019   EC           MOV     A,R4
   \   00001A   FE           MOV     R6,A
   \   00001B   0C           INC     R4
   \   00001C   ED           MOV     A,R5
   \   00001D   C3           CLR     C
   \   00001E   940A         SUBB    A,#0xa
   \   000020   5004         JNC     ??zmain_dev_info_1
   \   000022   7A30         MOV     R2,#0x30
   \   000024   8002         SJMP    ??zmain_dev_info_2
   \                     ??zmain_dev_info_1:
   \   000026   7A37         MOV     R2,#0x37
   \                     ??zmain_dev_info_2:
   \   000028   EA           MOV     A,R2
   \   000029   2D           ADD     A,R5
   \   00002A   C0E0         PUSH    A
   \   00002C   8E..         MOV     ?V0 + 0,R6
   \   00002E   12....       LCALL   ?Subroutine2 & 0xFFFF
   \                     ??CrossCallReturnLabel_5:
   \   000031   D0E0         POP     A
   \   000033   F0           MOVX    @DPTR,A
    326              ch = *xad & 0x0F;
   \   000034   8882         MOV     DPL,R0
   \   000036   8983         MOV     DPH,R1
   \   000038   E0           MOVX    A,@DPTR
   \   000039   540F         ANL     A,#0xf
   \   00003B   FD           MOV     R5,A
    327              lcd_buf[i++] = ch + (( ch < 10 ) ? '0' : '7');
   \   00003C   EC           MOV     A,R4
   \   00003D   FF           MOV     R7,A
   \   00003E   0C           INC     R4
   \   00003F   ED           MOV     A,R5
   \   000040   C3           CLR     C
   \   000041   940A         SUBB    A,#0xa
   \   000043   5004         JNC     ??zmain_dev_info_3
   \   000045   7A30         MOV     R2,#0x30
   \   000047   8002         SJMP    ??zmain_dev_info_4
   \                     ??zmain_dev_info_3:
   \   000049   7A37         MOV     R2,#0x37
   \                     ??zmain_dev_info_4:
   \   00004B   EA           MOV     A,R2
   \   00004C   2D           ADD     A,R5
   \   00004D   C0E0         PUSH    A
   \   00004F   8F..         MOV     ?V0 + 0,R7
   \   000051   12....       LCALL   ?Subroutine2 & 0xFFFF
    328            }
   \                     ??CrossCallReturnLabel_6:
   \   000054   D0E0         POP     A
   \   000056   F0           MOVX    @DPTR,A
   \   000057   E8           MOV     A,R0
   \   000058   24FF         ADD     A,#-0x1
   \   00005A   18           DEC     R0
   \   00005B   E9           MOV     A,R1
   \   00005C   34FF         ADDC    A,#-0x1
   \   00005E   F9           MOV     R1,A
   \   00005F   EC           MOV     A,R4
   \   000060   C3           CLR     C
   \   000061   9410         SUBB    A,#0x10
   \   000063   40AB         JC      ??zmain_dev_info_0
    329            lcd_buf[Z_EXTADDR_LEN*2] = '\0';
   \   000065   7410         MOV     A,#0x10
   \   000067   12....       LCALL   ?XSTACK_DISP0_8
   \   00006A   E4           CLR     A
   \   00006B   F0           MOVX    @DPTR,A
    330            HalLcdWriteString( "IEEE: ", HAL_LCD_LINE_1 );
   \   00006C                ; Setup parameters for call to function HalLcdWriteString
   \   00006C   7901         MOV     R1,#0x1
   \   00006E   7A..         MOV     R2,#`?<Constant "IEEE: ">` & 0xff
   \   000070   7B..         MOV     R3,#(`?<Constant "IEEE: ">` >> 8) & 0xff
   \   000072   12....       LCALL   ??HalLcdWriteString?relay
    331            HalLcdWriteString( (char*)lcd_buf, HAL_LCD_LINE_2 );
   \   000075                ; Setup parameters for call to function HalLcdWriteString
   \   000075   7902         MOV     R1,#0x2
   \   000077   85..82       MOV     DPL,?XSP + 0
   \   00007A   85..83       MOV     DPH,?XSP + 1
   \   00007D   AA82         MOV     R2,DPL
   \   00007F   AB83         MOV     R3,DPH
   \   000081   12....       LCALL   ??HalLcdWriteString?relay
    332          #endif
    333          }
   \   000084   7411         MOV     A,#0x11
   \   000086   12....       LCALL   ?DEALLOC_XSTACK8
   \   000089   7F02         MOV     R7,#0x2
   \   00008B   02....       LJMP    ?BANKED_LEAVE_XDATA

   \                                 In  segment BANKED_CODE, align 1, keep-with-next
   \                     ?Subroutine2:
   \   000000   85..82       MOV     DPL,?XSP + 0
   \   000003   85..83       MOV     DPH,?XSP + 1
   \   000006   E582         MOV     A,DPL
   \   000008   25..         ADD     A,?V0 + 0
   \   00000A   F582         MOV     DPL,A
   \   00000C   E583         MOV     A,DPH
   \   00000E   3400         ADDC    A,#0x0
   \   000010   F583         MOV     DPH,A
   \   000012   22           RET

   \                                 In  segment BANK_RELAYS, align 1
   \                     ??main?relay:
   \   000000   12....       LCALL   ?BDISPATCH
   \   000003   ......       DC24    main

   \                                 In  segment BANK_RELAYS, align 1
   \                     ??zmain_ext_addr?relay:
   \   000000   12....       LCALL   ?BDISPATCH
   \   000003   ......       DC24    zmain_ext_addr

   \                                 In  segment BANK_RELAYS, align 1
   \                     ??zmain_dev_info?relay:
   \   000000   12....       LCALL   ?BDISPATCH
   \   000003   ......       DC24    zmain_dev_info

   \                                 In  segment XDATA_ROM_C, align 1
   \                     `?<Constant {255, 255, 255, 255, 255, 255, 255,`:
   \   000000   FF           DB 255
   \   000001   FF           DB 255
   \   000002   FF           DB 255
   \   000003   FF           DB 255
   \   000004   FF           DB 255
   \   000005   FF           DB 255
   \   000006   FF           DB 255
   \   000007   FF           DB 255

   \                                 In  segment XDATA_ROM_C, align 1
   \                     `?<Constant "IEEE: ">`:
   \   000000   49454545     DB "IEEE: "
   \            3A2000  

   \                                 In  segment XDATA_ROM_C, align 1
   \                     `?<Constant "TexasInstruments">`:
   \   000000   54657861     DB "TexasInstruments"
   \            73496E73
   \            7472756D
   \            656E7473
   \            00      
    334          
    335          #ifdef LCD_SUPPORTED
    336          /*********************************************************************
    337           * @fn      zmain_lcd_init
    338           * @brief   Initialize LCD at start up.
    339           * @return  none
    340           *********************************************************************/
    341          static void zmain_lcd_init ( void )
    342          {
    343          #ifdef SERIAL_DEBUG_SUPPORTED
    344            {
    345              HalLcdWriteString( "TexasInstruments", HAL_LCD_LINE_1 );
    346          
    347          #if defined( MT_MAC_FUNC )
    348          #if defined( ZDO_COORDINATOR )
    349                HalLcdWriteString( "MAC-MT Coord", HAL_LCD_LINE_2 );
    350          #else
    351                HalLcdWriteString( "MAC-MT Device", HAL_LCD_LINE_2 );
    352          #endif // ZDO
    353          #elif defined( MT_NWK_FUNC )
    354          #if defined( ZDO_COORDINATOR )
    355                HalLcdWriteString( "NWK Coordinator", HAL_LCD_LINE_2 );
    356          #else
    357                HalLcdWriteString( "NWK Device", HAL_LCD_LINE_2 );
    358          #endif // ZDO
    359          #endif // MT_FUNC
    360            }
    361          #endif // SERIAL_DEBUG_SUPPORTED
    362          }
    363          #endif
    364          
    365          /*********************************************************************
    366          *********************************************************************/

   Maximum stack usage in bytes:

     Function               ISTACK PSTACK XSTACK
     --------               ------ ------ ------
     main                       0      0      0
       -> osal_int_disable      0      0      0
       -> HalAdcCheckVdd        0      0      0
       -> InitBoard             0      0      0
       -> HalDriverInit         0      0      0
       -> osal_nv_init          0      0      0
       -> ZMacInit              0      0      0
       -> zmain_ext_addr        0      0      0
       -> zgInit                0      0      0
       -> osal_init_system      0      0      0
       -> osal_int_enable       0      0      0
       -> InitBoard             0      0      0
       -> zmain_dev_info        0      0      0
       -> HalLcdWriteString     0      0      0
       -> osal_start_system     0      0      0
     zmain_dev_info             1      0     27
       -> HalLcdWriteString     0      0     54
       -> HalLcdWriteString     0      0     54
     zmain_ext_addr             2      0     29
       -> osal_nv_item_init     0      0     54
       -> osal_nv_read          0      0     58
       -> osal_memcmp           0      0     56
       -> HalFlashRead          0      0     54
       -> osal_memcmp           0      0     56
       -> osal_memcmp           0      0     56
       -> osal_memcpy           0      0     56
       -> osal_nv_write         0      0     58
       -> ZMacSetReq            0      0     50
       -> osal_rand             0      0     50


   Segment part sizes:

     Function/Label                                 Bytes
     --------------                                 -----
     P0INP                                             1
     _A_P1                                             1
     SLEEPSTA                                          1
     CLKCONSTA                                         1
     SLEEPCMD                                          1
     CLKCONCMD                                         1
     P1DIR                                             1
     main                                            139
     zmain_ext_addr                                  370
     ?Subroutine1                                     14
     ?Subroutine0                                     15
     zmain_dev_info                                  142
     ?Subroutine2                                     19
     ??main?relay                                      6
     ??zmain_ext_addr?relay                            6
     ??zmain_dev_info?relay                            6
     ?<Constant {255, 255, 255, 255, 255, 255, 255,    8
     ?<Constant "IEEE: ">                              7
     ?<Constant "TexasInstruments">                   17

 
 699 bytes in segment BANKED_CODE
  18 bytes in segment BANK_RELAYS
   7 bytes in segment SFR_AN
  32 bytes in segment XDATA_ROM_C
 
 717 bytes of CODE  memory
  32 bytes of CONST memory
   0 bytes of DATA  memory (+ 7 bytes shared)

Errors: none
Warnings: none
